{"C:\\dev\\sitemanager\\ComplianceApp\\src\\services\\accidentService.ts": {"path":"C:\\dev\\sitemanager\\ComplianceApp\\src\\services\\accidentService.ts","statementMap":{"0":{"start":{"line":19,"column":31},"end":{"line":80,"column":1}},"1":{"start":{"line":21,"column":29},"end":{"line":21,"column":77}},"2":{"start":{"line":22,"column":26},"end":{"line":22,"column":64}},"3":{"start":{"line":23,"column":22},"end":{"line":23,"column":71}},"4":{"start":{"line":25,"column":23},"end":{"line":28,"column":5}},"5":{"start":{"line":30,"column":4},"end":{"line":32,"column":5}},"6":{"start":{"line":31,"column":6},"end":{"line":31,"column":61}},"7":{"start":{"line":34,"column":20},"end":{"line":40,"column":5}},"8":{"start":{"line":42,"column":18},"end":{"line":42,"column":39}},"9":{"start":{"line":44,"column":4},"end":{"line":51,"column":5}},"10":{"start":{"line":45,"column":6},"end":{"line":45,"column":54}},"11":{"start":{"line":46,"column":6},"end":{"line":50,"column":8}},"12":{"start":{"line":53,"column":22},"end":{"line":53,"column":72}},"13":{"start":{"line":55,"column":4},"end":{"line":58,"column":5}},"14":{"start":{"line":56,"column":6},"end":{"line":56,"column":55}},"15":{"start":{"line":57,"column":6},"end":{"line":57,"column":54}},"16":{"start":{"line":60,"column":4},"end":{"line":60,"column":45}},"17":{"start":{"line":64,"column":28},"end":{"line":72,"column":47}},"18":{"start":{"line":74,"column":4},"end":{"line":77,"column":5}},"19":{"start":{"line":75,"column":6},"end":{"line":75,"column":61}},"20":{"start":{"line":76,"column":6},"end":{"line":76,"column":18}},"21":{"start":{"line":78,"column":4},"end":{"line":78,"column":16}}},"fnMap":{"0":{"name":"(anonymous_0)","decl":{"start":{"line":20,"column":2},"end":{"line":20,"column":3}},"loc":{"start":{"line":20,"column":42},"end":{"line":61,"column":3}},"line":20},"1":{"name":"(anonymous_1)","decl":{"start":{"line":63,"column":2},"end":{"line":63,"column":3}},"loc":{"start":{"line":63,"column":23},"end":{"line":79,"column":3}},"line":63}},"branchMap":{"0":{"loc":{"start":{"line":30,"column":4},"end":{"line":32,"column":5}},"type":"if","locations":[{"start":{"line":30,"column":4},"end":{"line":32,"column":5}},{"start":{},"end":{}}],"line":30},"1":{"loc":{"start":{"line":39,"column":17},"end":{"line":39,"column":59}},"type":"binary-expr","locations":[{"start":{"line":39,"column":17},"end":{"line":39,"column":31}},{"start":{"line":39,"column":35},"end":{"line":39,"column":59}}],"line":39},"2":{"loc":{"start":{"line":44,"column":4},"end":{"line":51,"column":5}},"type":"if","locations":[{"start":{"line":44,"column":4},"end":{"line":51,"column":5}},{"start":{},"end":{}}],"line":44},"3":{"loc":{"start":{"line":55,"column":4},"end":{"line":58,"column":5}},"type":"if","locations":[{"start":{"line":55,"column":4},"end":{"line":58,"column":5}},{"start":{},"end":{}}],"line":55},"4":{"loc":{"start":{"line":74,"column":4},"end":{"line":77,"column":5}},"type":"if","locations":[{"start":{"line":74,"column":4},"end":{"line":77,"column":5}},{"start":{},"end":{}}],"line":74}},"s":{"0":1,"1":4,"2":4,"3":4,"4":4,"5":4,"6":1,"7":3,"8":3,"9":3,"10":1,"11":1,"12":2,"13":2,"14":1,"15":1,"16":1,"17":1,"18":1,"19":0,"20":0,"21":1},"f":{"0":4,"1":1},"b":{"0":[1,3],"1":[3,0],"2":[1,2],"3":[1,1],"4":[0,1]},"_coverageSchema":"1a1c01bbd47fc00a2c39e90264f33305004495a9","hash":"9ba4a8a639ff7dae3a836d9db61885e518584429"}
,"C:\\dev\\sitemanager\\ComplianceApp\\src\\services\\assetService.ts": {"path":"C:\\dev\\sitemanager\\ComplianceApp\\src\\services\\assetService.ts","statementMap":{"0":{"start":{"line":17,"column":28},"end":{"line":148,"column":1}},"1":{"start":{"line":19,"column":22},"end":{"line":19,"column":63}},"2":{"start":{"line":20,"column":26},"end":{"line":20,"column":65}},"3":{"start":{"line":21,"column":22},"end":{"line":21,"column":57}},"4":{"start":{"line":22,"column":28},"end":{"line":22,"column":69}},"5":{"start":{"line":24,"column":18},"end":{"line":24,"column":56}},"6":{"start":{"line":25,"column":23},"end":{"line":25,"column":69}},"7":{"start":{"line":27,"column":4},"end":{"line":29,"column":5}},"8":{"start":{"line":28,"column":6},"end":{"line":28,"column":61}},"9":{"start":{"line":31,"column":25},"end":{"line":39,"column":5}},"10":{"start":{"line":41,"column":18},"end":{"line":41,"column":39}},"11":{"start":{"line":43,"column":4},"end":{"line":50,"column":5}},"12":{"start":{"line":44,"column":6},"end":{"line":44,"column":56}},"13":{"start":{"line":45,"column":6},"end":{"line":49,"column":8}},"14":{"start":{"line":52,"column":28},"end":{"line":56,"column":15}},"15":{"start":{"line":58,"column":4},"end":{"line":60,"column":5}},"16":{"start":{"line":59,"column":6},"end":{"line":59,"column":76}},"17":{"start":{"line":61,"column":4},"end":{"line":61,"column":51}},"18":{"start":{"line":65,"column":23},"end":{"line":65,"column":35}},"19":{"start":{"line":66,"column":4},"end":{"line":67,"column":72}},"20":{"start":{"line":67,"column":6},"end":{"line":67,"column":72}},"21":{"start":{"line":68,"column":4},"end":{"line":69,"column":68}},"22":{"start":{"line":69,"column":6},"end":{"line":69,"column":68}},"23":{"start":{"line":71,"column":4},"end":{"line":81,"column":5}},"24":{"start":{"line":72,"column":26},"end":{"line":72,"column":64}},"25":{"start":{"line":73,"column":25},"end":{"line":76,"column":7}},"26":{"start":{"line":78,"column":6},"end":{"line":80,"column":7}},"27":{"start":{"line":79,"column":8},"end":{"line":79,"column":63}},"28":{"start":{"line":83,"column":18},"end":{"line":83,"column":39}},"29":{"start":{"line":84,"column":4},"end":{"line":91,"column":5}},"30":{"start":{"line":85,"column":6},"end":{"line":85,"column":73}},"31":{"start":{"line":86,"column":6},"end":{"line":90,"column":8}},"32":{"start":{"line":93,"column":28},"end":{"line":98,"column":15}},"33":{"start":{"line":100,"column":4},"end":{"line":102,"column":5}},"34":{"start":{"line":101,"column":6},"end":{"line":101,"column":75}},"35":{"start":{"line":103,"column":4},"end":{"line":103,"column":51}},"36":{"start":{"line":107,"column":18},"end":{"line":107,"column":39}},"37":{"start":{"line":108,"column":4},"end":{"line":111,"column":5}},"38":{"start":{"line":109,"column":6},"end":{"line":109,"column":60}},"39":{"start":{"line":110,"column":6},"end":{"line":110,"column":46}},"40":{"start":{"line":113,"column":22},"end":{"line":113,"column":73}},"41":{"start":{"line":115,"column":4},"end":{"line":117,"column":5}},"42":{"start":{"line":116,"column":6},"end":{"line":116,"column":57}},"43":{"start":{"line":118,"column":4},"end":{"line":118,"column":45}},"44":{"start":{"line":122,"column":20},"end":{"line":122,"column":47}},"45":{"start":{"line":123,"column":22},"end":{"line":123,"column":54}},"46":{"start":{"line":125,"column":25},"end":{"line":132,"column":5}},"47":{"start":{"line":134,"column":18},"end":{"line":134,"column":39}},"48":{"start":{"line":135,"column":4},"end":{"line":138,"column":5}},"49":{"start":{"line":136,"column":6},"end":{"line":136,"column":56}},"50":{"start":{"line":137,"column":6},"end":{"line":137,"column":46}},"51":{"start":{"line":140,"column":22},"end":{"line":140,"column":74}},"52":{"start":{"line":142,"column":4},"end":{"line":145,"column":5}},"53":{"start":{"line":143,"column":6},"end":{"line":143,"column":47}},"54":{"start":{"line":144,"column":6},"end":{"line":144,"column":62}},"55":{"start":{"line":146,"column":4},"end":{"line":146,"column":45}}},"fnMap":{"0":{"name":"(anonymous_0)","decl":{"start":{"line":18,"column":2},"end":{"line":18,"column":3}},"loc":{"start":{"line":18,"column":34},"end":{"line":62,"column":3}},"line":18},"1":{"name":"(anonymous_1)","decl":{"start":{"line":64,"column":2},"end":{"line":64,"column":3}},"loc":{"start":{"line":64,"column":55},"end":{"line":104,"column":3}},"line":64},"2":{"name":"(anonymous_2)","decl":{"start":{"line":106,"column":2},"end":{"line":106,"column":3}},"loc":{"start":{"line":106,"column":32},"end":{"line":119,"column":3}},"line":106},"3":{"name":"(anonymous_3)","decl":{"start":{"line":121,"column":2},"end":{"line":121,"column":3}},"loc":{"start":{"line":121,"column":34},"end":{"line":147,"column":3}},"line":121}},"branchMap":{"0":{"loc":{"start":{"line":27,"column":4},"end":{"line":29,"column":5}},"type":"if","locations":[{"start":{"line":27,"column":4},"end":{"line":29,"column":5}},{"start":{},"end":{}}],"line":27},"1":{"loc":{"start":{"line":43,"column":4},"end":{"line":50,"column":5}},"type":"if","locations":[{"start":{"line":43,"column":4},"end":{"line":50,"column":5}},{"start":{},"end":{}}],"line":43},"2":{"loc":{"start":{"line":58,"column":4},"end":{"line":60,"column":5}},"type":"if","locations":[{"start":{"line":58,"column":4},"end":{"line":60,"column":5}},{"start":{},"end":{}}],"line":58},"3":{"loc":{"start":{"line":66,"column":4},"end":{"line":67,"column":72}},"type":"if","locations":[{"start":{"line":66,"column":4},"end":{"line":67,"column":72}},{"start":{},"end":{}}],"line":66},"4":{"loc":{"start":{"line":68,"column":4},"end":{"line":69,"column":68}},"type":"if","locations":[{"start":{"line":68,"column":4},"end":{"line":69,"column":68}},{"start":{},"end":{}}],"line":68},"5":{"loc":{"start":{"line":71,"column":4},"end":{"line":81,"column":5}},"type":"if","locations":[{"start":{"line":71,"column":4},"end":{"line":81,"column":5}},{"start":{},"end":{}}],"line":71},"6":{"loc":{"start":{"line":72,"column":26},"end":{"line":72,"column":64}},"type":"binary-expr","locations":[{"start":{"line":72,"column":26},"end":{"line":72,"column":47}},{"start":{"line":72,"column":51},"end":{"line":72,"column":64}}],"line":72},"7":{"loc":{"start":{"line":78,"column":6},"end":{"line":80,"column":7}},"type":"if","locations":[{"start":{"line":78,"column":6},"end":{"line":80,"column":7}},{"start":{},"end":{}}],"line":78},"8":{"loc":{"start":{"line":84,"column":4},"end":{"line":91,"column":5}},"type":"if","locations":[{"start":{"line":84,"column":4},"end":{"line":91,"column":5}},{"start":{},"end":{}}],"line":84},"9":{"loc":{"start":{"line":100,"column":4},"end":{"line":102,"column":5}},"type":"if","locations":[{"start":{"line":100,"column":4},"end":{"line":102,"column":5}},{"start":{},"end":{}}],"line":100},"10":{"loc":{"start":{"line":108,"column":4},"end":{"line":111,"column":5}},"type":"if","locations":[{"start":{"line":108,"column":4},"end":{"line":111,"column":5}},{"start":{},"end":{}}],"line":108},"11":{"loc":{"start":{"line":115,"column":4},"end":{"line":117,"column":5}},"type":"if","locations":[{"start":{"line":115,"column":4},"end":{"line":117,"column":5}},{"start":{},"end":{}}],"line":115},"12":{"loc":{"start":{"line":135,"column":4},"end":{"line":138,"column":5}},"type":"if","locations":[{"start":{"line":135,"column":4},"end":{"line":138,"column":5}},{"start":{},"end":{}}],"line":135},"13":{"loc":{"start":{"line":142,"column":4},"end":{"line":145,"column":5}},"type":"if","locations":[{"start":{"line":142,"column":4},"end":{"line":145,"column":5}},{"start":{},"end":{}}],"line":142}},"s":{"0":1,"1":1,"2":1,"3":1,"4":1,"5":1,"6":1,"7":1,"8":0,"9":1,"10":1,"11":1,"12":0,"13":0,"14":1,"15":1,"16":0,"17":1,"18":1,"19":1,"20":1,"21":1,"22":0,"23":1,"24":0,"25":0,"26":0,"27":0,"28":1,"29":1,"30":0,"31":0,"32":1,"33":1,"34":0,"35":1,"36":2,"37":2,"38":1,"39":1,"40":1,"41":1,"42":0,"43":1,"44":0,"45":0,"46":0,"47":0,"48":0,"49":0,"50":0,"51":0,"52":0,"53":0,"54":0,"55":0},"f":{"0":1,"1":1,"2":2,"3":0},"b":{"0":[0,1],"1":[0,1],"2":[0,1],"3":[1,0],"4":[0,1],"5":[0,1],"6":[0,0],"7":[0,0],"8":[0,1],"9":[0,1],"10":[1,1],"11":[0,1],"12":[0,0],"13":[0,0]},"_coverageSchema":"1a1c01bbd47fc00a2c39e90264f33305004495a9","hash":"5624970616c027edc1a1ed8bc964eb93b0a2642e"}
,"C:\\dev\\sitemanager\\ComplianceApp\\src\\services\\auditService.ts": {"path":"C:\\dev\\sitemanager\\ComplianceApp\\src\\services\\auditService.ts","statementMap":{"0":{"start":{"line":8,"column":28},"end":{"line":103,"column":1}},"1":{"start":{"line":10,"column":49},"end":{"line":13,"column":48}},"2":{"start":{"line":15,"column":46},"end":{"line":18,"column":53}},"3":{"start":{"line":20,"column":49},"end":{"line":23,"column":47}},"4":{"start":{"line":25,"column":4},"end":{"line":25,"column":33}},"5":{"start":{"line":25,"column":18},"end":{"line":25,"column":33}},"6":{"start":{"line":26,"column":4},"end":{"line":26,"column":33}},"7":{"start":{"line":26,"column":18},"end":{"line":26,"column":33}},"8":{"start":{"line":27,"column":4},"end":{"line":27,"column":33}},"9":{"start":{"line":27,"column":18},"end":{"line":27,"column":33}},"10":{"start":{"line":29,"column":4},"end":{"line":33,"column":6}},"11":{"start":{"line":37,"column":19},"end":{"line":37,"column":103}},"12":{"start":{"line":38,"column":43},"end":{"line":38,"column":45}},"13":{"start":{"line":40,"column":4},"end":{"line":46,"column":7}},"14":{"start":{"line":41,"column":19},"end":{"line":41,"column":62}},"15":{"start":{"line":42,"column":6},"end":{"line":45,"column":7}},"16":{"start":{"line":43,"column":22},"end":{"line":43,"column":45}},"17":{"start":{"line":44,"column":8},"end":{"line":44,"column":49}},"18":{"start":{"line":48,"column":4},"end":{"line":51,"column":6}},"19":{"start":{"line":55,"column":23},"end":{"line":55,"column":53}},"20":{"start":{"line":56,"column":4},"end":{"line":59,"column":5}},"21":{"start":{"line":57,"column":6},"end":{"line":57,"column":66}},"22":{"start":{"line":58,"column":6},"end":{"line":58,"column":13}},"23":{"start":{"line":61,"column":23},"end":{"line":65,"column":5}},"24":{"start":{"line":62,"column":6},"end":{"line":62,"column":36}},"25":{"start":{"line":62,"column":23},"end":{"line":62,"column":36}},"26":{"start":{"line":63,"column":19},"end":{"line":63,"column":39}},"27":{"start":{"line":64,"column":6},"end":{"line":64,"column":78}},"28":{"start":{"line":67,"column":17},"end":{"line":94,"column":12}},"29":{"start":{"line":80,"column":28},"end":{"line":80,"column":108}},"30":{"start":{"line":81,"column":32},"end":{"line":81,"column":86}},"31":{"start":{"line":82,"column":29},"end":{"line":82,"column":121}},"32":{"start":{"line":83,"column":12},"end":{"line":90,"column":14}},"33":{"start":{"line":96,"column":4},"end":{"line":101,"column":5}},"34":{"start":{"line":97,"column":22},"end":{"line":97,"column":60}},"35":{"start":{"line":98,"column":6},"end":{"line":98,"column":82}},"36":{"start":{"line":100,"column":6},"end":{"line":100,"column":61}}},"fnMap":{"0":{"name":"(anonymous_0)","decl":{"start":{"line":9,"column":2},"end":{"line":9,"column":3}},"loc":{"start":{"line":9,"column":23},"end":{"line":34,"column":3}},"line":9},"1":{"name":"(anonymous_1)","decl":{"start":{"line":36,"column":2},"end":{"line":36,"column":3}},"loc":{"start":{"line":36,"column":31},"end":{"line":52,"column":3}},"line":36},"2":{"name":"(anonymous_2)","decl":{"start":{"line":40,"column":17},"end":{"line":40,"column":18}},"loc":{"start":{"line":40,"column":27},"end":{"line":46,"column":5}},"line":40},"3":{"name":"(anonymous_3)","decl":{"start":{"line":54,"column":2},"end":{"line":54,"column":3}},"loc":{"start":{"line":54,"column":71},"end":{"line":102,"column":3}},"line":54},"4":{"name":"(anonymous_4)","decl":{"start":{"line":61,"column":23},"end":{"line":61,"column":24}},"loc":{"start":{"line":61,"column":54},"end":{"line":65,"column":5}},"line":61},"5":{"name":"(anonymous_5)","decl":{"start":{"line":79,"column":21},"end":{"line":79,"column":22}},"loc":{"start":{"line":79,"column":31},"end":{"line":91,"column":11}},"line":79}},"branchMap":{"0":{"loc":{"start":{"line":25,"column":4},"end":{"line":25,"column":33}},"type":"if","locations":[{"start":{"line":25,"column":4},"end":{"line":25,"column":33}},{"start":{},"end":{}}],"line":25},"1":{"loc":{"start":{"line":26,"column":4},"end":{"line":26,"column":33}},"type":"if","locations":[{"start":{"line":26,"column":4},"end":{"line":26,"column":33}},{"start":{},"end":{}}],"line":26},"2":{"loc":{"start":{"line":27,"column":4},"end":{"line":27,"column":33}},"type":"if","locations":[{"start":{"line":27,"column":4},"end":{"line":27,"column":33}},{"start":{},"end":{}}],"line":27},"3":{"loc":{"start":{"line":30,"column":17},"end":{"line":30,"column":32}},"type":"binary-expr","locations":[{"start":{"line":30,"column":17},"end":{"line":30,"column":26}},{"start":{"line":30,"column":30},"end":{"line":30,"column":32}}],"line":30},"4":{"loc":{"start":{"line":31,"column":14},"end":{"line":31,"column":26}},"type":"binary-expr","locations":[{"start":{"line":31,"column":14},"end":{"line":31,"column":20}},{"start":{"line":31,"column":24},"end":{"line":31,"column":26}}],"line":31},"5":{"loc":{"start":{"line":32,"column":17},"end":{"line":32,"column":32}},"type":"binary-expr","locations":[{"start":{"line":32,"column":17},"end":{"line":32,"column":26}},{"start":{"line":32,"column":30},"end":{"line":32,"column":32}}],"line":32},"6":{"loc":{"start":{"line":41,"column":28},"end":{"line":41,"column":61}},"type":"binary-expr","locations":[{"start":{"line":41,"column":28},"end":{"line":41,"column":43}},{"start":{"line":41,"column":47},"end":{"line":41,"column":61}}],"line":41},"7":{"loc":{"start":{"line":42,"column":6},"end":{"line":45,"column":7}},"type":"if","locations":[{"start":{"line":42,"column":6},"end":{"line":45,"column":7}},{"start":{},"end":{}}],"line":42},"8":{"loc":{"start":{"line":44,"column":25},"end":{"line":44,"column":43}},"type":"binary-expr","locations":[{"start":{"line":44,"column":25},"end":{"line":44,"column":38}},{"start":{"line":44,"column":42},"end":{"line":44,"column":43}}],"line":44},"9":{"loc":{"start":{"line":56,"column":4},"end":{"line":59,"column":5}},"type":"if","locations":[{"start":{"line":56,"column":4},"end":{"line":59,"column":5}},{"start":{},"end":{}}],"line":56},"10":{"loc":{"start":{"line":56,"column":8},"end":{"line":56,"column":34}},"type":"binary-expr","locations":[{"start":{"line":56,"column":8},"end":{"line":56,"column":13}},{"start":{"line":56,"column":17},"end":{"line":56,"column":34}}],"line":56},"11":{"loc":{"start":{"line":62,"column":6},"end":{"line":62,"column":36}},"type":"if","locations":[{"start":{"line":62,"column":6},"end":{"line":62,"column":36}},{"start":{},"end":{}}],"line":62},"12":{"loc":{"start":{"line":64,"column":13},"end":{"line":64,"column":77}},"type":"cond-expr","locations":[{"start":{"line":64,"column":37},"end":{"line":64,"column":42}},{"start":{"line":64,"column":45},"end":{"line":64,"column":77}}],"line":64},"13":{"loc":{"start":{"line":80,"column":28},"end":{"line":80,"column":108}},"type":"binary-expr","locations":[{"start":{"line":80,"column":28},"end":{"line":80,"column":52}},{"start":{"line":80,"column":56},"end":{"line":80,"column":71}},{"start":{"line":80,"column":75},"end":{"line":80,"column":91}},{"start":{"line":80,"column":95},"end":{"line":80,"column":108}}],"line":80},"14":{"loc":{"start":{"line":81,"column":32},"end":{"line":81,"column":86}},"type":"binary-expr","locations":[{"start":{"line":81,"column":32},"end":{"line":81,"column":46}},{"start":{"line":81,"column":50},"end":{"line":81,"column":67}},{"start":{"line":81,"column":71},"end":{"line":81,"column":86}}],"line":81},"15":{"loc":{"start":{"line":82,"column":29},"end":{"line":82,"column":121}},"type":"cond-expr","locations":[{"start":{"line":82,"column":39},"end":{"line":82,"column":72}},{"start":{"line":82,"column":75},"end":{"line":82,"column":121}}],"line":82},"16":{"loc":{"start":{"line":82,"column":75},"end":{"line":82,"column":121}},"type":"binary-expr","locations":[{"start":{"line":82,"column":75},"end":{"line":82,"column":88}},{"start":{"line":82,"column":92},"end":{"line":82,"column":111}},{"start":{"line":82,"column":115},"end":{"line":82,"column":121}}],"line":82},"17":{"loc":{"start":{"line":88,"column":68},"end":{"line":88,"column":93}},"type":"binary-expr","locations":[{"start":{"line":88,"column":68},"end":{"line":88,"column":79}},{"start":{"line":88,"column":83},"end":{"line":88,"column":93}}],"line":88}},"s":{"0":1,"1":1,"2":1,"3":1,"4":1,"5":0,"6":1,"7":0,"8":1,"9":0,"10":1,"11":1,"12":1,"13":1,"14":3,"15":3,"16":3,"17":3,"18":1,"19":1,"20":1,"21":0,"22":0,"23":1,"24":1,"25":0,"26":1,"27":1,"28":1,"29":1,"30":1,"31":1,"32":1,"33":1,"34":1,"35":1,"36":0},"f":{"0":1,"1":1,"2":3,"3":1,"4":1,"5":1},"b":{"0":[0,1],"1":[0,1],"2":[0,1],"3":[1,1],"4":[1,1],"5":[1,1],"6":[3,0],"7":[3,0],"8":[3,2],"9":[0,1],"10":[1,1],"11":[0,1],"12":[0,1],"13":[1,1,1,0],"14":[1,1,1],"15":[0,1],"16":[1,1,1],"17":[1,0]},"_coverageSchema":"1a1c01bbd47fc00a2c39e90264f33305004495a9","hash":"d9309114e64e0597b573843454062899f3c72058"}
,"C:\\dev\\sitemanager\\ComplianceApp\\src\\services\\authService.ts": {"path":"C:\\dev\\sitemanager\\ComplianceApp\\src\\services\\authService.ts","statementMap":{"0":{"start":{"line":14,"column":27},"end":{"line":78,"column":1}},"1":{"start":{"line":16,"column":23},"end":{"line":16,"column":53}},"2":{"start":{"line":18,"column":4},"end":{"line":20,"column":5}},"3":{"start":{"line":19,"column":6},"end":{"line":19,"column":61}},"4":{"start":{"line":22,"column":4},"end":{"line":24,"column":5}},"5":{"start":{"line":23,"column":6},"end":{"line":23,"column":65}},"6":{"start":{"line":27,"column":6},"end":{"line":30,"column":8}},"7":{"start":{"line":32,"column":4},"end":{"line":32,"column":35}},"8":{"start":{"line":32,"column":19},"end":{"line":32,"column":35}},"9":{"start":{"line":33,"column":4},"end":{"line":34,"column":63}},"10":{"start":{"line":34,"column":6},"end":{"line":34,"column":63}},"11":{"start":{"line":36,"column":20},"end":{"line":36,"column":59}},"12":{"start":{"line":38,"column":4},"end":{"line":42,"column":5}},"13":{"start":{"line":39,"column":6},"end":{"line":41,"column":8}},"14":{"start":{"line":44,"column":4},"end":{"line":47,"column":6}},"15":{"start":{"line":51,"column":22},"end":{"line":51,"column":51}},"16":{"start":{"line":52,"column":4},"end":{"line":52,"column":27}},"17":{"start":{"line":52,"column":15},"end":{"line":52,"column":27}},"18":{"start":{"line":56,"column":28},"end":{"line":60,"column":20}},"19":{"start":{"line":62,"column":4},"end":{"line":62,"column":27}},"20":{"start":{"line":62,"column":15},"end":{"line":62,"column":27}},"21":{"start":{"line":63,"column":4},"end":{"line":63,"column":27}},"22":{"start":{"line":63,"column":15},"end":{"line":63,"column":27}},"23":{"start":{"line":67,"column":8},"end":{"line":67,"column":37}},"24":{"start":{"line":68,"column":18},"end":{"line":68,"column":52}},"25":{"start":{"line":70,"column":4},"end":{"line":76,"column":6}}},"fnMap":{"0":{"name":"(anonymous_0)","decl":{"start":{"line":15,"column":2},"end":{"line":15,"column":3}},"loc":{"start":{"line":15,"column":63},"end":{"line":48,"column":3}},"line":15},"1":{"name":"(anonymous_1)","decl":{"start":{"line":50,"column":2},"end":{"line":50,"column":3}},"loc":{"start":{"line":50,"column":18},"end":{"line":53,"column":3}},"line":50},"2":{"name":"(anonymous_2)","decl":{"start":{"line":55,"column":2},"end":{"line":55,"column":3}},"loc":{"start":{"line":55,"column":54},"end":{"line":77,"column":3}},"line":55}},"branchMap":{"0":{"loc":{"start":{"line":18,"column":4},"end":{"line":20,"column":5}},"type":"if","locations":[{"start":{"line":18,"column":4},"end":{"line":20,"column":5}},{"start":{},"end":{}}],"line":18},"1":{"loc":{"start":{"line":22,"column":4},"end":{"line":24,"column":5}},"type":"if","locations":[{"start":{"line":22,"column":4},"end":{"line":24,"column":5}},{"start":{},"end":{}}],"line":22},"2":{"loc":{"start":{"line":22,"column":8},"end":{"line":22,"column":40}},"type":"binary-expr","locations":[{"start":{"line":22,"column":8},"end":{"line":22,"column":17}},{"start":{"line":22,"column":21},"end":{"line":22,"column":40}}],"line":22},"3":{"loc":{"start":{"line":32,"column":4},"end":{"line":32,"column":35}},"type":"if","locations":[{"start":{"line":32,"column":4},"end":{"line":32,"column":35}},{"start":{},"end":{}}],"line":32},"4":{"loc":{"start":{"line":33,"column":4},"end":{"line":34,"column":63}},"type":"if","locations":[{"start":{"line":33,"column":4},"end":{"line":34,"column":63}},{"start":{},"end":{}}],"line":33},"5":{"loc":{"start":{"line":38,"column":4},"end":{"line":42,"column":5}},"type":"if","locations":[{"start":{"line":38,"column":4},"end":{"line":42,"column":5}},{"start":{},"end":{}}],"line":38},"6":{"loc":{"start":{"line":46,"column":13},"end":{"line":46,"column":49}},"type":"binary-expr","locations":[{"start":{"line":46,"column":13},"end":{"line":46,"column":32}},{"start":{"line":46,"column":36},"end":{"line":46,"column":49}}],"line":46},"7":{"loc":{"start":{"line":52,"column":4},"end":{"line":52,"column":27}},"type":"if","locations":[{"start":{"line":52,"column":4},"end":{"line":52,"column":27}},{"start":{},"end":{}}],"line":52},"8":{"loc":{"start":{"line":62,"column":4},"end":{"line":62,"column":27}},"type":"if","locations":[{"start":{"line":62,"column":4},"end":{"line":62,"column":27}},{"start":{},"end":{}}],"line":62},"9":{"loc":{"start":{"line":63,"column":4},"end":{"line":63,"column":27}},"type":"if","locations":[{"start":{"line":63,"column":4},"end":{"line":63,"column":27}},{"start":{},"end":{}}],"line":63},"10":{"loc":{"start":{"line":68,"column":18},"end":{"line":68,"column":52}},"type":"cond-expr","locations":[{"start":{"line":68,"column":37},"end":{"line":68,"column":47}},{"start":{"line":68,"column":50},"end":{"line":68,"column":52}}],"line":68},"11":{"loc":{"start":{"line":72,"column":13},"end":{"line":72,"column":24}},"type":"binary-expr","locations":[{"start":{"line":72,"column":13},"end":{"line":72,"column":18}},{"start":{"line":72,"column":22},"end":{"line":72,"column":24}}],"line":72},"12":{"loc":{"start":{"line":73,"column":12},"end":{"line":73,"column":31}},"type":"binary-expr","locations":[{"start":{"line":73,"column":12},"end":{"line":73,"column":21}},{"start":{"line":73,"column":25},"end":{"line":73,"column":31}}],"line":73}},"s":{"0":1,"1":3,"2":3,"3":0,"4":3,"5":1,"6":2,"7":2,"8":0,"9":2,"10":0,"11":2,"12":2,"13":1,"14":1,"15":1,"16":1,"17":0,"18":2,"19":2,"20":0,"21":2,"22":1,"23":1,"24":1,"25":1},"f":{"0":3,"1":1,"2":2},"b":{"0":[0,3],"1":[1,2],"2":[3,3],"3":[0,2],"4":[0,2],"5":[1,1],"6":[1,0],"7":[0,1],"8":[0,2],"9":[1,1],"10":[1,0],"11":[1,0],"12":[1,0]},"_coverageSchema":"1a1c01bbd47fc00a2c39e90264f33305004495a9","hash":"825e5d1ab1401f03b3a80369ad8fcc7145ab8f47"}
,"C:\\dev\\sitemanager\\ComplianceApp\\src\\services\\buildingService.ts": {"path":"C:\\dev\\sitemanager\\ComplianceApp\\src\\services\\buildingService.ts","statementMap":{"0":{"start":{"line":14,"column":31},"end":{"line":34,"column":1}},"1":{"start":{"line":16,"column":28},"end":{"line":19,"column":53}},"2":{"start":{"line":21,"column":4},"end":{"line":21,"column":27}},"3":{"start":{"line":21,"column":15},"end":{"line":21,"column":27}},"4":{"start":{"line":23,"column":4},"end":{"line":32,"column":8}},"5":{"start":{"line":23,"column":31},"end":{"line":32,"column":5}}},"fnMap":{"0":{"name":"(anonymous_0)","decl":{"start":{"line":15,"column":2},"end":{"line":15,"column":3}},"loc":{"start":{"line":15,"column":54},"end":{"line":33,"column":3}},"line":15},"1":{"name":"(anonymous_1)","decl":{"start":{"line":23,"column":20},"end":{"line":23,"column":21}},"loc":{"start":{"line":23,"column":31},"end":{"line":32,"column":5}},"line":23}},"branchMap":{"0":{"loc":{"start":{"line":21,"column":4},"end":{"line":21,"column":27}},"type":"if","locations":[{"start":{"line":21,"column":4},"end":{"line":21,"column":27}},{"start":{},"end":{}}],"line":21}},"s":{"0":1,"1":2,"2":2,"3":1,"4":1,"5":1},"f":{"0":2,"1":1},"b":{"0":[1,1]},"_coverageSchema":"1a1c01bbd47fc00a2c39e90264f33305004495a9","hash":"783816e7a118f1d93a91f072f0ea926c12bbc4c5"}
,"C:\\dev\\sitemanager\\ComplianceApp\\src\\services\\contractorService.ts": {"path":"C:\\dev\\sitemanager\\ComplianceApp\\src\\services\\contractorService.ts","statementMap":{"0":{"start":{"line":18,"column":33},"end":{"line":154,"column":1}},"1":{"start":{"line":20,"column":28},"end":{"line":24,"column":15}},"2":{"start":{"line":26,"column":4},"end":{"line":26,"column":27}},"3":{"start":{"line":26,"column":15},"end":{"line":26,"column":27}},"4":{"start":{"line":27,"column":4},"end":{"line":27,"column":16}},"5":{"start":{"line":31,"column":28},"end":{"line":31,"column":63}},"6":{"start":{"line":33,"column":4},"end":{"line":38,"column":5}},"7":{"start":{"line":34,"column":6},"end":{"line":37,"column":8}},"8":{"start":{"line":40,"column":18},"end":{"line":40,"column":39}},"9":{"start":{"line":41,"column":4},"end":{"line":47,"column":5}},"10":{"start":{"line":42,"column":6},"end":{"line":45,"column":9}},"11":{"start":{"line":46,"column":6},"end":{"line":46,"column":46}},"12":{"start":{"line":49,"column":22},"end":{"line":52,"column":23}},"13":{"start":{"line":54,"column":4},"end":{"line":56,"column":5}},"14":{"start":{"line":55,"column":6},"end":{"line":55,"column":57}},"15":{"start":{"line":57,"column":4},"end":{"line":57,"column":45}},"16":{"start":{"line":61,"column":21},"end":{"line":61,"column":73}},"17":{"start":{"line":63,"column":22},"end":{"line":63,"column":36}},"18":{"start":{"line":65,"column":23},"end":{"line":69,"column":5}},"19":{"start":{"line":71,"column":18},"end":{"line":71,"column":39}},"20":{"start":{"line":72,"column":4},"end":{"line":75,"column":5}},"21":{"start":{"line":73,"column":6},"end":{"line":73,"column":64}},"22":{"start":{"line":74,"column":6},"end":{"line":74,"column":46}},"23":{"start":{"line":77,"column":22},"end":{"line":79,"column":47}},"24":{"start":{"line":81,"column":4},"end":{"line":84,"column":5}},"25":{"start":{"line":82,"column":6},"end":{"line":82,"column":67}},"26":{"start":{"line":83,"column":6},"end":{"line":83,"column":54}},"27":{"start":{"line":85,"column":4},"end":{"line":85,"column":45}},"28":{"start":{"line":88,"column":28},"end":{"line":91,"column":31}},"29":{"start":{"line":93,"column":4},"end":{"line":93,"column":27}},"30":{"start":{"line":93,"column":15},"end":{"line":93,"column":27}},"31":{"start":{"line":94,"column":4},"end":{"line":94,"column":16}},"32":{"start":{"line":98,"column":24},"end":{"line":98,"column":58}},"33":{"start":{"line":100,"column":18},"end":{"line":100,"column":39}},"34":{"start":{"line":101,"column":4},"end":{"line":107,"column":5}},"35":{"start":{"line":102,"column":6},"end":{"line":105,"column":9}},"36":{"start":{"line":106,"column":6},"end":{"line":106,"column":46}},"37":{"start":{"line":109,"column":28},"end":{"line":114,"column":15}},"38":{"start":{"line":116,"column":4},"end":{"line":118,"column":5}},"39":{"start":{"line":117,"column":6},"end":{"line":117,"column":64}},"40":{"start":{"line":119,"column":4},"end":{"line":119,"column":51}},"41":{"start":{"line":123,"column":28},"end":{"line":127,"column":42}},"42":{"start":{"line":129,"column":4},"end":{"line":129,"column":27}},"43":{"start":{"line":129,"column":15},"end":{"line":129,"column":27}},"44":{"start":{"line":130,"column":4},"end":{"line":130,"column":16}},"45":{"start":{"line":134,"column":18},"end":{"line":134,"column":50}},"46":{"start":{"line":135,"column":23},"end":{"line":135,"column":72}},"47":{"start":{"line":137,"column":18},"end":{"line":137,"column":39}},"48":{"start":{"line":138,"column":4},"end":{"line":141,"column":5}},"49":{"start":{"line":139,"column":6},"end":{"line":139,"column":75}},"50":{"start":{"line":140,"column":6},"end":{"line":140,"column":46}},"51":{"start":{"line":143,"column":28},"end":{"line":147,"column":15}},"52":{"start":{"line":149,"column":4},"end":{"line":151,"column":5}},"53":{"start":{"line":150,"column":6},"end":{"line":150,"column":61}},"54":{"start":{"line":152,"column":4},"end":{"line":152,"column":51}}},"fnMap":{"0":{"name":"(anonymous_0)","decl":{"start":{"line":19,"column":2},"end":{"line":19,"column":3}},"loc":{"start":{"line":19,"column":56},"end":{"line":28,"column":3}},"line":19},"1":{"name":"(anonymous_1)","decl":{"start":{"line":30,"column":2},"end":{"line":30,"column":3}},"loc":{"start":{"line":30,"column":61},"end":{"line":58,"column":3}},"line":30},"2":{"name":"(anonymous_2)","decl":{"start":{"line":60,"column":2},"end":{"line":60,"column":3}},"loc":{"start":{"line":60,"column":55},"end":{"line":86,"column":3}},"line":60},"3":{"name":"(anonymous_3)","decl":{"start":{"line":87,"column":2},"end":{"line":87,"column":3}},"loc":{"start":{"line":87,"column":51},"end":{"line":95,"column":3}},"line":87},"4":{"name":"(anonymous_4)","decl":{"start":{"line":97,"column":2},"end":{"line":97,"column":3}},"loc":{"start":{"line":97,"column":62},"end":{"line":120,"column":3}},"line":97},"5":{"name":"(anonymous_5)","decl":{"start":{"line":122,"column":2},"end":{"line":122,"column":3}},"loc":{"start":{"line":122,"column":56},"end":{"line":131,"column":3}},"line":122},"6":{"name":"(anonymous_6)","decl":{"start":{"line":133,"column":2},"end":{"line":133,"column":3}},"loc":{"start":{"line":133,"column":72},"end":{"line":153,"column":3}},"line":133}},"branchMap":{"0":{"loc":{"start":{"line":26,"column":4},"end":{"line":26,"column":27}},"type":"if","locations":[{"start":{"line":26,"column":4},"end":{"line":26,"column":27}},{"start":{},"end":{}}],"line":26},"1":{"loc":{"start":{"line":33,"column":4},"end":{"line":38,"column":5}},"type":"if","locations":[{"start":{"line":33,"column":4},"end":{"line":38,"column":5}},{"start":{},"end":{}}],"line":33},"2":{"loc":{"start":{"line":41,"column":4},"end":{"line":47,"column":5}},"type":"if","locations":[{"start":{"line":41,"column":4},"end":{"line":47,"column":5}},{"start":{},"end":{}}],"line":41},"3":{"loc":{"start":{"line":54,"column":4},"end":{"line":56,"column":5}},"type":"if","locations":[{"start":{"line":54,"column":4},"end":{"line":56,"column":5}},{"start":{},"end":{}}],"line":54},"4":{"loc":{"start":{"line":72,"column":4},"end":{"line":75,"column":5}},"type":"if","locations":[{"start":{"line":72,"column":4},"end":{"line":75,"column":5}},{"start":{},"end":{}}],"line":72},"5":{"loc":{"start":{"line":81,"column":4},"end":{"line":84,"column":5}},"type":"if","locations":[{"start":{"line":81,"column":4},"end":{"line":84,"column":5}},{"start":{},"end":{}}],"line":81},"6":{"loc":{"start":{"line":93,"column":4},"end":{"line":93,"column":27}},"type":"if","locations":[{"start":{"line":93,"column":4},"end":{"line":93,"column":27}},{"start":{},"end":{}}],"line":93},"7":{"loc":{"start":{"line":101,"column":4},"end":{"line":107,"column":5}},"type":"if","locations":[{"start":{"line":101,"column":4},"end":{"line":107,"column":5}},{"start":{},"end":{}}],"line":101},"8":{"loc":{"start":{"line":116,"column":4},"end":{"line":118,"column":5}},"type":"if","locations":[{"start":{"line":116,"column":4},"end":{"line":118,"column":5}},{"start":{},"end":{}}],"line":116},"9":{"loc":{"start":{"line":129,"column":4},"end":{"line":129,"column":27}},"type":"if","locations":[{"start":{"line":129,"column":4},"end":{"line":129,"column":27}},{"start":{},"end":{}}],"line":129},"10":{"loc":{"start":{"line":134,"column":18},"end":{"line":134,"column":50}},"type":"cond-expr","locations":[{"start":{"line":134,"column":28},"end":{"line":134,"column":36}},{"start":{"line":134,"column":39},"end":{"line":134,"column":50}}],"line":134},"11":{"loc":{"start":{"line":138,"column":4},"end":{"line":141,"column":5}},"type":"if","locations":[{"start":{"line":138,"column":4},"end":{"line":141,"column":5}},{"start":{},"end":{}}],"line":138},"12":{"loc":{"start":{"line":149,"column":4},"end":{"line":151,"column":5}},"type":"if","locations":[{"start":{"line":149,"column":4},"end":{"line":151,"column":5}},{"start":{},"end":{}}],"line":149}},"s":{"0":1,"1":1,"2":1,"3":0,"4":1,"5":1,"6":1,"7":0,"8":1,"9":1,"10":0,"11":0,"12":1,"13":1,"14":0,"15":1,"16":1,"17":1,"18":1,"19":1,"20":1,"21":1,"22":1,"23":0,"24":0,"25":0,"26":0,"27":0,"28":1,"29":1,"30":0,"31":1,"32":0,"33":0,"34":0,"35":0,"36":0,"37":0,"38":0,"39":0,"40":0,"41":1,"42":1,"43":0,"44":1,"45":2,"46":2,"47":2,"48":2,"49":0,"50":0,"51":2,"52":2,"53":0,"54":2},"f":{"0":1,"1":1,"2":1,"3":1,"4":0,"5":1,"6":2},"b":{"0":[0,1],"1":[0,1],"2":[0,1],"3":[0,1],"4":[1,0],"5":[0,0],"6":[0,1],"7":[0,0],"8":[0,0],"9":[0,1],"10":[1,1],"11":[0,2],"12":[0,2]},"_coverageSchema":"1a1c01bbd47fc00a2c39e90264f33305004495a9","hash":"8fc7dcef23c36de781b3f6cdad439b3aabf64259"}
,"C:\\dev\\sitemanager\\ComplianceApp\\src\\services\\fileService.ts": {"path":"C:\\dev\\sitemanager\\ComplianceApp\\src\\services\\fileService.ts","statementMap":{"0":{"start":{"line":8,"column":27},"end":{"line":109,"column":1}},"1":{"start":{"line":10,"column":16},"end":{"line":10,"column":56}},"2":{"start":{"line":11,"column":4},"end":{"line":11,"column":48}},"3":{"start":{"line":11,"column":23},"end":{"line":11,"column":48}},"4":{"start":{"line":12,"column":4},"end":{"line":12,"column":24}},"5":{"start":{"line":16,"column":24},"end":{"line":16,"column":55}},"6":{"start":{"line":17,"column":22},"end":{"line":17,"column":51}},"7":{"start":{"line":19,"column":18},"end":{"line":19,"column":39}},"8":{"start":{"line":20,"column":24},"end":{"line":20,"column":51}},"9":{"start":{"line":22,"column":4},"end":{"line":30,"column":5}},"10":{"start":{"line":23,"column":6},"end":{"line":28,"column":9}},"11":{"start":{"line":29,"column":6},"end":{"line":29,"column":48}},"12":{"start":{"line":32,"column":4},"end":{"line":49,"column":5}},"13":{"start":{"line":33,"column":25},"end":{"line":35,"column":8}},"14":{"start":{"line":37,"column":24},"end":{"line":42,"column":10}},"15":{"start":{"line":44,"column":6},"end":{"line":44,"column":29}},"16":{"start":{"line":44,"column":17},"end":{"line":44,"column":29}},"17":{"start":{"line":45,"column":6},"end":{"line":45,"column":23}},"18":{"start":{"line":47,"column":6},"end":{"line":47,"column":44}},"19":{"start":{"line":48,"column":6},"end":{"line":48,"column":18}},"20":{"start":{"line":58,"column":6},"end":{"line":58,"column":68}},"21":{"start":{"line":60,"column":30},"end":{"line":60,"column":60}},"22":{"start":{"line":61,"column":4},"end":{"line":63,"column":5}},"23":{"start":{"line":62,"column":6},"end":{"line":62,"column":80}},"24":{"start":{"line":65,"column":21},"end":{"line":65,"column":53}},"25":{"start":{"line":66,"column":4},"end":{"line":66,"column":73}},"26":{"start":{"line":75,"column":24},"end":{"line":75,"column":55}},"27":{"start":{"line":76,"column":18},"end":{"line":76,"column":39}},"28":{"start":{"line":77,"column":19},"end":{"line":77,"column":29}},"29":{"start":{"line":78,"column":17},"end":{"line":78,"column":51}},"30":{"start":{"line":80,"column":4},"end":{"line":88,"column":5}},"31":{"start":{"line":81,"column":6},"end":{"line":86,"column":9}},"32":{"start":{"line":87,"column":6},"end":{"line":87,"column":37}},"33":{"start":{"line":90,"column":4},"end":{"line":107,"column":5}},"34":{"start":{"line":91,"column":25},"end":{"line":93,"column":8}},"35":{"start":{"line":95,"column":24},"end":{"line":100,"column":10}},"36":{"start":{"line":102,"column":6},"end":{"line":102,"column":29}},"37":{"start":{"line":102,"column":17},"end":{"line":102,"column":29}},"38":{"start":{"line":103,"column":6},"end":{"line":103,"column":18}},"39":{"start":{"line":105,"column":6},"end":{"line":105,"column":27}},"40":{"start":{"line":106,"column":6},"end":{"line":106,"column":18}}},"fnMap":{"0":{"name":"(anonymous_0)","decl":{"start":{"line":9,"column":2},"end":{"line":9,"column":3}},"loc":{"start":{"line":9,"column":32},"end":{"line":13,"column":3}},"line":9},"1":{"name":"(anonymous_1)","decl":{"start":{"line":15,"column":2},"end":{"line":15,"column":3}},"loc":{"start":{"line":15,"column":66},"end":{"line":50,"column":3}},"line":15},"2":{"name":"(anonymous_2)","decl":{"start":{"line":52,"column":2},"end":{"line":52,"column":3}},"loc":{"start":{"line":56,"column":4},"end":{"line":67,"column":3}},"line":56},"3":{"name":"(anonymous_3)","decl":{"start":{"line":69,"column":2},"end":{"line":69,"column":3}},"loc":{"start":{"line":74,"column":4},"end":{"line":108,"column":3}},"line":74}},"branchMap":{"0":{"loc":{"start":{"line":11,"column":4},"end":{"line":11,"column":48}},"type":"if","locations":[{"start":{"line":11,"column":4},"end":{"line":11,"column":48}},{"start":{},"end":{}}],"line":11},"1":{"loc":{"start":{"line":22,"column":4},"end":{"line":30,"column":5}},"type":"if","locations":[{"start":{"line":22,"column":4},"end":{"line":30,"column":5}},{"start":{},"end":{}}],"line":22},"2":{"loc":{"start":{"line":44,"column":6},"end":{"line":44,"column":29}},"type":"if","locations":[{"start":{"line":44,"column":6},"end":{"line":44,"column":29}},{"start":{},"end":{}}],"line":44},"3":{"loc":{"start":{"line":55,"column":4},"end":{"line":55,"column":21}},"type":"default-arg","locations":[{"start":{"line":55,"column":16},"end":{"line":55,"column":21}}],"line":55},"4":{"loc":{"start":{"line":58,"column":6},"end":{"line":58,"column":68}},"type":"binary-expr","locations":[{"start":{"line":58,"column":6},"end":{"line":58,"column":59}},{"start":{"line":58,"column":63},"end":{"line":58,"column":68}}],"line":58},"5":{"loc":{"start":{"line":61,"column":4},"end":{"line":63,"column":5}},"type":"if","locations":[{"start":{"line":61,"column":4},"end":{"line":63,"column":5}},{"start":{},"end":{}}],"line":61},"6":{"loc":{"start":{"line":73,"column":4},"end":{"line":73,"column":21}},"type":"default-arg","locations":[{"start":{"line":73,"column":16},"end":{"line":73,"column":21}}],"line":73},"7":{"loc":{"start":{"line":80,"column":4},"end":{"line":88,"column":5}},"type":"if","locations":[{"start":{"line":80,"column":4},"end":{"line":88,"column":5}},{"start":{},"end":{}}],"line":80},"8":{"loc":{"start":{"line":80,"column":8},"end":{"line":80,"column":40}},"type":"binary-expr","locations":[{"start":{"line":80,"column":8},"end":{"line":80,"column":26}},{"start":{"line":80,"column":30},"end":{"line":80,"column":40}}],"line":80},"9":{"loc":{"start":{"line":102,"column":6},"end":{"line":102,"column":29}},"type":"if","locations":[{"start":{"line":102,"column":6},"end":{"line":102,"column":29}},{"start":{},"end":{}}],"line":102}},"s":{"0":2,"1":4,"2":4,"3":0,"4":4,"5":4,"6":4,"7":4,"8":4,"9":4,"10":1,"11":1,"12":3,"13":3,"14":3,"15":3,"16":0,"17":3,"18":0,"19":0,"20":3,"21":3,"22":3,"23":1,"24":2,"25":2,"26":0,"27":0,"28":0,"29":0,"30":0,"31":0,"32":0,"33":0,"34":0,"35":0,"36":0,"37":0,"38":0,"39":0,"40":0},"f":{"0":4,"1":4,"2":3,"3":0},"b":{"0":[0,4],"1":[1,3],"2":[0,3],"3":[3],"4":[3,0],"5":[1,2],"6":[0],"7":[0,0],"8":[0,0],"9":[0,0]},"_coverageSchema":"1a1c01bbd47fc00a2c39e90264f33305004495a9","hash":"1a98438d1165018f8c7dfdec4431ac8923679125"}
,"C:\\dev\\sitemanager\\ComplianceApp\\src\\services\\incidentService.ts": {"path":"C:\\dev\\sitemanager\\ComplianceApp\\src\\services\\incidentService.ts","statementMap":{"0":{"start":{"line":23,"column":31},"end":{"line":119,"column":1}},"1":{"start":{"line":25,"column":28},"end":{"line":28,"column":48}},"2":{"start":{"line":30,"column":4},"end":{"line":30,"column":27}},"3":{"start":{"line":30,"column":15},"end":{"line":30,"column":27}},"4":{"start":{"line":31,"column":4},"end":{"line":31,"column":22}},"5":{"start":{"line":41,"column":29},"end":{"line":41,"column":65}},"6":{"start":{"line":42,"column":26},"end":{"line":42,"column":59}},"7":{"start":{"line":44,"column":23},"end":{"line":47,"column":5}},"8":{"start":{"line":49,"column":4},"end":{"line":51,"column":5}},"9":{"start":{"line":50,"column":6},"end":{"line":50,"column":61}},"10":{"start":{"line":53,"column":25},"end":{"line":60,"column":5}},"11":{"start":{"line":62,"column":18},"end":{"line":62,"column":39}},"12":{"start":{"line":64,"column":4},"end":{"line":74,"column":5}},"13":{"start":{"line":65,"column":6},"end":{"line":68,"column":9}},"14":{"start":{"line":69,"column":6},"end":{"line":73,"column":8}},"15":{"start":{"line":76,"column":19},"end":{"line":76,"column":23}},"16":{"start":{"line":77,"column":4},"end":{"line":86,"column":5}},"17":{"start":{"line":78,"column":6},"end":{"line":85,"column":7}},"18":{"start":{"line":79,"column":8},"end":{"line":82,"column":10}},"19":{"start":{"line":84,"column":8},"end":{"line":84,"column":68}},"20":{"start":{"line":88,"column":28},"end":{"line":92,"column":15}},"21":{"start":{"line":94,"column":4},"end":{"line":96,"column":5}},"22":{"start":{"line":95,"column":6},"end":{"line":95,"column":76}},"23":{"start":{"line":98,"column":4},"end":{"line":98,"column":51}},"24":{"start":{"line":101,"column":32},"end":{"line":111,"column":6}},"25":{"start":{"line":113,"column":4},"end":{"line":113,"column":43}},"26":{"start":{"line":113,"column":23},"end":{"line":113,"column":43}},"27":{"start":{"line":114,"column":4},"end":{"line":117,"column":6}}},"fnMap":{"0":{"name":"(anonymous_0)","decl":{"start":{"line":24,"column":2},"end":{"line":24,"column":3}},"loc":{"start":{"line":24,"column":44},"end":{"line":32,"column":3}},"line":24},"1":{"name":"(anonymous_1)","decl":{"start":{"line":34,"column":2},"end":{"line":34,"column":3}},"loc":{"start":{"line":40,"column":4},"end":{"line":99,"column":3}},"line":40},"2":{"name":"(anonymous_2)","decl":{"start":{"line":100,"column":20},"end":{"line":100,"column":21}},"loc":{"start":{"line":100,"column":32},"end":{"line":118,"column":3}},"line":100}},"branchMap":{"0":{"loc":{"start":{"line":30,"column":4},"end":{"line":30,"column":27}},"type":"if","locations":[{"start":{"line":30,"column":4},"end":{"line":30,"column":27}},{"start":{},"end":{}}],"line":30},"1":{"loc":{"start":{"line":31,"column":11},"end":{"line":31,"column":21}},"type":"binary-expr","locations":[{"start":{"line":31,"column":11},"end":{"line":31,"column":15}},{"start":{"line":31,"column":19},"end":{"line":31,"column":21}}],"line":31},"2":{"loc":{"start":{"line":39,"column":4},"end":{"line":39,"column":42}},"type":"default-arg","locations":[{"start":{"line":39,"column":33},"end":{"line":39,"column":42}}],"line":39},"3":{"loc":{"start":{"line":49,"column":4},"end":{"line":51,"column":5}},"type":"if","locations":[{"start":{"line":49,"column":4},"end":{"line":51,"column":5}},{"start":{},"end":{}}],"line":49},"4":{"loc":{"start":{"line":57,"column":12},"end":{"line":57,"column":71}},"type":"cond-expr","locations":[{"start":{"line":57,"column":47},"end":{"line":57,"column":58}},{"start":{"line":57,"column":61},"end":{"line":57,"column":71}}],"line":57},"5":{"loc":{"start":{"line":64,"column":4},"end":{"line":74,"column":5}},"type":"if","locations":[{"start":{"line":64,"column":4},"end":{"line":74,"column":5}},{"start":{},"end":{}}],"line":64},"6":{"loc":{"start":{"line":77,"column":4},"end":{"line":86,"column":5}},"type":"if","locations":[{"start":{"line":77,"column":4},"end":{"line":86,"column":5}},{"start":{},"end":{}}],"line":77},"7":{"loc":{"start":{"line":80,"column":10},"end":{"line":80,"column":26}},"type":"binary-expr","locations":[{"start":{"line":80,"column":10},"end":{"line":80,"column":16}},{"start":{"line":80,"column":20},"end":{"line":80,"column":26}}],"line":80},"8":{"loc":{"start":{"line":94,"column":4},"end":{"line":96,"column":5}},"type":"if","locations":[{"start":{"line":94,"column":4},"end":{"line":96,"column":5}},{"start":{},"end":{}}],"line":94},"9":{"loc":{"start":{"line":113,"column":4},"end":{"line":113,"column":43}},"type":"if","locations":[{"start":{"line":113,"column":4},"end":{"line":113,"column":43}},{"start":{},"end":{}}],"line":113},"10":{"loc":{"start":{"line":116,"column":13},"end":{"line":116,"column":32}},"type":"binary-expr","locations":[{"start":{"line":116,"column":13},"end":{"line":116,"column":27}},{"start":{"line":116,"column":31},"end":{"line":116,"column":32}}],"line":116}},"s":{"0":1,"1":0,"2":0,"3":0,"4":0,"5":2,"6":2,"7":2,"8":2,"9":0,"10":2,"11":2,"12":2,"13":1,"14":1,"15":1,"16":1,"17":1,"18":1,"19":0,"20":1,"21":1,"22":0,"23":1,"24":0,"25":0,"26":0,"27":0},"f":{"0":0,"1":2,"2":0},"b":{"0":[0,0],"1":[0,0],"2":[2],"3":[0,2],"4":[0,2],"5":[1,1],"6":[1,0],"7":[1,0],"8":[0,1],"9":[0,0],"10":[0,0]},"_coverageSchema":"1a1c01bbd47fc00a2c39e90264f33305004495a9","hash":"bdcea54bbcb3251dd64a5202ce92c3fb2a7b8607"}
,"C:\\dev\\sitemanager\\ComplianceApp\\src\\services\\notificationService.ts": {"path":"C:\\dev\\sitemanager\\ComplianceApp\\src\\services\\notificationService.ts","statementMap":{"0":{"start":{"line":8,"column":35},"end":{"line":125,"column":1}},"1":{"start":{"line":10,"column":4},"end":{"line":27,"column":5}},"2":{"start":{"line":11,"column":20},"end":{"line":11,"column":41}},"3":{"start":{"line":12,"column":6},"end":{"line":12,"column":37}},"4":{"start":{"line":12,"column":30},"end":{"line":12,"column":37}},"5":{"start":{"line":14,"column":24},"end":{"line":17,"column":32}},"6":{"start":{"line":19,"column":6},"end":{"line":24,"column":7}},"7":{"start":{"line":20,"column":8},"end":{"line":23,"column":10}},"8":{"start":{"line":26,"column":6},"end":{"line":26,"column":48}},"9":{"start":{"line":31,"column":4},"end":{"line":31,"column":33}},"10":{"start":{"line":31,"column":26},"end":{"line":31,"column":33}},"11":{"start":{"line":34,"column":6},"end":{"line":34,"column":47}},"12":{"start":{"line":35,"column":22},"end":{"line":35,"column":36}},"13":{"start":{"line":37,"column":4},"end":{"line":40,"column":5}},"14":{"start":{"line":38,"column":25},"end":{"line":38,"column":70}},"15":{"start":{"line":39,"column":6},"end":{"line":39,"column":27}},"16":{"start":{"line":42,"column":4},"end":{"line":42,"column":42}},"17":{"start":{"line":42,"column":35},"end":{"line":42,"column":42}},"18":{"start":{"line":44,"column":18},"end":{"line":44,"column":68}},"19":{"start":{"line":45,"column":24},"end":{"line":45,"column":55}},"20":{"start":{"line":47,"column":4},"end":{"line":50,"column":29}},"21":{"start":{"line":52,"column":4},"end":{"line":57,"column":5}},"22":{"start":{"line":53,"column":6},"end":{"line":56,"column":9}},"23":{"start":{"line":59,"column":4},"end":{"line":59,"column":17}},"24":{"start":{"line":63,"column":24},"end":{"line":63,"column":55}},"25":{"start":{"line":64,"column":21},"end":{"line":68,"column":48}},"26":{"start":{"line":69,"column":4},"end":{"line":69,"column":16}},"27":{"start":{"line":73,"column":20},"end":{"line":73,"column":59}},"28":{"start":{"line":74,"column":22},"end":{"line":77,"column":24}},"29":{"start":{"line":78,"column":4},"end":{"line":78,"column":27}},"30":{"start":{"line":78,"column":15},"end":{"line":78,"column":27}},"31":{"start":{"line":82,"column":24},"end":{"line":82,"column":55}},"32":{"start":{"line":83,"column":22},"end":{"line":86,"column":59}},"33":{"start":{"line":87,"column":4},"end":{"line":87,"column":27}},"34":{"start":{"line":87,"column":15},"end":{"line":87,"column":27}},"35":{"start":{"line":96,"column":4},"end":{"line":123,"column":5}},"36":{"start":{"line":97,"column":25},"end":{"line":97,"column":55}},"37":{"start":{"line":98,"column":27},"end":{"line":98,"column":59}},"38":{"start":{"line":99,"column":26},"end":{"line":99,"column":78}},"39":{"start":{"line":101,"column":33},"end":{"line":104,"column":30}},"40":{"start":{"line":106,"column":6},"end":{"line":106,"column":53}},"41":{"start":{"line":106,"column":46},"end":{"line":106,"column":53}},"42":{"start":{"line":108,"column":28},"end":{"line":115,"column":9}},"43":{"start":{"line":108,"column":49},"end":{"line":115,"column":7}},"44":{"start":{"line":117,"column":24},"end":{"line":119,"column":30}},"45":{"start":{"line":120,"column":6},"end":{"line":120,"column":29}},"46":{"start":{"line":120,"column":17},"end":{"line":120,"column":29}},"47":{"start":{"line":122,"column":6},"end":{"line":122,"column":52}}},"fnMap":{"0":{"name":"(anonymous_0)","decl":{"start":{"line":9,"column":2},"end":{"line":9,"column":3}},"loc":{"start":{"line":9,"column":28},"end":{"line":28,"column":3}},"line":9},"1":{"name":"(anonymous_1)","decl":{"start":{"line":30,"column":2},"end":{"line":30,"column":3}},"loc":{"start":{"line":30,"column":53},"end":{"line":60,"column":3}},"line":30},"2":{"name":"(anonymous_2)","decl":{"start":{"line":62,"column":2},"end":{"line":62,"column":3}},"loc":{"start":{"line":62,"column":43},"end":{"line":70,"column":3}},"line":62},"3":{"name":"(anonymous_3)","decl":{"start":{"line":72,"column":2},"end":{"line":72,"column":3}},"loc":{"start":{"line":72,"column":43},"end":{"line":79,"column":3}},"line":72},"4":{"name":"(anonymous_4)","decl":{"start":{"line":81,"column":2},"end":{"line":81,"column":3}},"loc":{"start":{"line":81,"column":38},"end":{"line":88,"column":3}},"line":81},"5":{"name":"(anonymous_5)","decl":{"start":{"line":90,"column":2},"end":{"line":90,"column":3}},"loc":{"start":{"line":95,"column":4},"end":{"line":124,"column":3}},"line":95},"6":{"name":"(anonymous_6)","decl":{"start":{"line":108,"column":41},"end":{"line":108,"column":42}},"loc":{"start":{"line":108,"column":49},"end":{"line":115,"column":7}},"line":108}},"branchMap":{"0":{"loc":{"start":{"line":12,"column":6},"end":{"line":12,"column":37}},"type":"if","locations":[{"start":{"line":12,"column":6},"end":{"line":12,"column":37}},{"start":{},"end":{}}],"line":12},"1":{"loc":{"start":{"line":19,"column":6},"end":{"line":24,"column":7}},"type":"if","locations":[{"start":{"line":19,"column":6},"end":{"line":24,"column":7}},{"start":{},"end":{}}],"line":19},"2":{"loc":{"start":{"line":19,"column":10},"end":{"line":19,"column":28}},"type":"binary-expr","locations":[{"start":{"line":19,"column":10},"end":{"line":19,"column":15}},{"start":{"line":19,"column":19},"end":{"line":19,"column":28}}],"line":19},"3":{"loc":{"start":{"line":31,"column":4},"end":{"line":31,"column":33}},"type":"if","locations":[{"start":{"line":31,"column":4},"end":{"line":31,"column":33}},{"start":{},"end":{}}],"line":31},"4":{"loc":{"start":{"line":37,"column":4},"end":{"line":40,"column":5}},"type":"if","locations":[{"start":{"line":37,"column":4},"end":{"line":40,"column":5}},{"start":{},"end":{}}],"line":37},"5":{"loc":{"start":{"line":42,"column":4},"end":{"line":42,"column":42}},"type":"if","locations":[{"start":{"line":42,"column":4},"end":{"line":42,"column":42}},{"start":{},"end":{}}],"line":42},"6":{"loc":{"start":{"line":52,"column":4},"end":{"line":57,"column":5}},"type":"if","locations":[{"start":{"line":52,"column":4},"end":{"line":57,"column":5}},{"start":{},"end":{}}],"line":52},"7":{"loc":{"start":{"line":78,"column":4},"end":{"line":78,"column":27}},"type":"if","locations":[{"start":{"line":78,"column":4},"end":{"line":78,"column":27}},{"start":{},"end":{}}],"line":78},"8":{"loc":{"start":{"line":87,"column":4},"end":{"line":87,"column":27}},"type":"if","locations":[{"start":{"line":87,"column":4},"end":{"line":87,"column":27}},{"start":{},"end":{}}],"line":87},"9":{"loc":{"start":{"line":99,"column":26},"end":{"line":99,"column":78}},"type":"cond-expr","locations":[{"start":{"line":99,"column":35},"end":{"line":99,"column":66}},{"start":{"line":99,"column":69},"end":{"line":99,"column":78}}],"line":99},"10":{"loc":{"start":{"line":106,"column":6},"end":{"line":106,"column":53}},"type":"if","locations":[{"start":{"line":106,"column":6},"end":{"line":106,"column":53}},{"start":{},"end":{}}],"line":106},"11":{"loc":{"start":{"line":106,"column":10},"end":{"line":106,"column":44}},"type":"binary-expr","locations":[{"start":{"line":106,"column":10},"end":{"line":106,"column":19}},{"start":{"line":106,"column":23},"end":{"line":106,"column":44}}],"line":106},"12":{"loc":{"start":{"line":120,"column":6},"end":{"line":120,"column":29}},"type":"if","locations":[{"start":{"line":120,"column":6},"end":{"line":120,"column":29}},{"start":{},"end":{}}],"line":120}},"s":{"0":1,"1":1,"2":1,"3":1,"4":0,"5":1,"6":1,"7":1,"8":0,"9":1,"10":0,"11":1,"12":1,"13":1,"14":0,"15":0,"16":1,"17":0,"18":1,"19":1,"20":1,"21":1,"22":0,"23":1,"24":1,"25":1,"26":1,"27":0,"28":0,"29":0,"30":0,"31":1,"32":1,"33":1,"34":0,"35":1,"36":1,"37":1,"38":1,"39":1,"40":1,"41":0,"42":1,"43":2,"44":1,"45":1,"46":0,"47":0},"f":{"0":1,"1":1,"2":1,"3":0,"4":1,"5":1,"6":2},"b":{"0":[0,1],"1":[1,0],"2":[1,1],"3":[0,1],"4":[0,1],"5":[0,1],"6":[0,1],"7":[0,0],"8":[0,1],"9":[1,0],"10":[0,1],"11":[1,1],"12":[0,1]},"_coverageSchema":"1a1c01bbd47fc00a2c39e90264f33305004495a9","hash":"b4fcf70727e4213df509c363e17ee554bdc21c70"}
,"C:\\dev\\sitemanager\\ComplianceApp\\src\\services\\privacyService.ts": {"path":"C:\\dev\\sitemanager\\ComplianceApp\\src\\services\\privacyService.ts","statementMap":{"0":{"start":{"line":5,"column":30},"end":{"line":36,"column":1}},"1":{"start":{"line":7,"column":4},"end":{"line":34,"column":5}},"2":{"start":{"line":8,"column":26},"end":{"line":8,"column":57}},"3":{"start":{"line":10,"column":32},"end":{"line":14,"column":17}},"4":{"start":{"line":16,"column":36},"end":{"line":19,"column":35}},"5":{"start":{"line":21,"column":25},"end":{"line":25,"column":7}},"6":{"start":{"line":27,"column":6},"end":{"line":27,"column":63}},"7":{"start":{"line":28,"column":6},"end":{"line":31,"column":8}},"8":{"start":{"line":33,"column":6},"end":{"line":33,"column":61}}},"fnMap":{"0":{"name":"(anonymous_0)","decl":{"start":{"line":6,"column":2},"end":{"line":6,"column":3}},"loc":{"start":{"line":6,"column":39},"end":{"line":35,"column":3}},"line":6}},"branchMap":{"0":{"loc":{"start":{"line":24,"column":23},"end":{"line":24,"column":40}},"type":"binary-expr","locations":[{"start":{"line":24,"column":23},"end":{"line":24,"column":34}},{"start":{"line":24,"column":38},"end":{"line":24,"column":40}}],"line":24}},"s":{"0":1,"1":2,"2":2,"3":2,"4":1,"5":1,"6":1,"7":1,"8":1},"f":{"0":2},"b":{"0":[1,0]},"_coverageSchema":"1a1c01bbd47fc00a2c39e90264f33305004495a9","hash":"8810da9b4639783365810921a25d2ca5b7970ae6"}
,"C:\\dev\\sitemanager\\ComplianceApp\\src\\services\\syncService.ts": {"path":"C:\\dev\\sitemanager\\ComplianceApp\\src\\services\\syncService.ts","statementMap":{"0":{"start":{"line":7,"column":18},"end":{"line":7,"column":37}},"1":{"start":{"line":16,"column":27},"end":{"line":97,"column":1}},"2":{"start":{"line":18,"column":23},"end":{"line":18,"column":53}},"3":{"start":{"line":19,"column":18},"end":{"line":19,"column":39}},"4":{"start":{"line":21,"column":30},"end":{"line":26,"column":5}},"5":{"start":{"line":28,"column":4},"end":{"line":28,"column":79}},"6":{"start":{"line":32,"column":18},"end":{"line":32,"column":55}},"7":{"start":{"line":33,"column":4},"end":{"line":33,"column":42}},"8":{"start":{"line":37,"column":18},"end":{"line":37,"column":39}},"9":{"start":{"line":38,"column":4},"end":{"line":38,"column":35}},"10":{"start":{"line":38,"column":28},"end":{"line":38,"column":35}},"11":{"start":{"line":40,"column":16},"end":{"line":40,"column":37}},"12":{"start":{"line":41,"column":4},"end":{"line":41,"column":35}},"13":{"start":{"line":41,"column":28},"end":{"line":41,"column":35}},"14":{"start":{"line":43,"column":32},"end":{"line":43,"column":34}},"15":{"start":{"line":45,"column":4},"end":{"line":92,"column":5}},"16":{"start":{"line":46,"column":6},"end":{"line":91,"column":7}},"17":{"start":{"line":47,"column":8},"end":{"line":88,"column":9}},"18":{"start":{"line":48,"column":10},"end":{"line":61,"column":11}},"19":{"start":{"line":49,"column":12},"end":{"line":53,"column":14}},"20":{"start":{"line":55,"column":12},"end":{"line":60,"column":14}},"21":{"start":{"line":62,"column":15},"end":{"line":88,"column":9}},"22":{"start":{"line":63,"column":52},"end":{"line":63,"column":61}},"23":{"start":{"line":64,"column":30},"end":{"line":64,"column":66}},"24":{"start":{"line":65,"column":28},"end":{"line":68,"column":29}},"25":{"start":{"line":69,"column":10},"end":{"line":69,"column":33}},"26":{"start":{"line":69,"column":21},"end":{"line":69,"column":33}},"27":{"start":{"line":70,"column":15},"end":{"line":88,"column":9}},"28":{"start":{"line":71,"column":28},"end":{"line":71,"column":62}},"29":{"start":{"line":72,"column":37},"end":{"line":72,"column":46}},"30":{"start":{"line":73,"column":28},"end":{"line":76,"column":25}},"31":{"start":{"line":77,"column":10},"end":{"line":77,"column":33}},"32":{"start":{"line":77,"column":21},"end":{"line":77,"column":33}},"33":{"start":{"line":78,"column":15},"end":{"line":88,"column":9}},"34":{"start":{"line":79,"column":28},"end":{"line":79,"column":64}},"35":{"start":{"line":80,"column":28},"end":{"line":83,"column":35}},"36":{"start":{"line":84,"column":10},"end":{"line":84,"column":33}},"37":{"start":{"line":84,"column":21},"end":{"line":84,"column":33}},"38":{"start":{"line":86,"column":28},"end":{"line":86,"column":79}},"39":{"start":{"line":87,"column":10},"end":{"line":87,"column":33}},"40":{"start":{"line":87,"column":21},"end":{"line":87,"column":33}},"41":{"start":{"line":90,"column":8},"end":{"line":90,"column":32}},"42":{"start":{"line":94,"column":23},"end":{"line":94,"column":78}},"43":{"start":{"line":94,"column":53},"end":{"line":94,"column":77}},"44":{"start":{"line":95,"column":4},"end":{"line":95,"column":70}}},"fnMap":{"0":{"name":"(anonymous_0)","decl":{"start":{"line":17,"column":2},"end":{"line":17,"column":3}},"loc":{"start":{"line":17,"column":42},"end":{"line":29,"column":3}},"line":17},"1":{"name":"(anonymous_1)","decl":{"start":{"line":31,"column":2},"end":{"line":31,"column":3}},"loc":{"start":{"line":31,"column":19},"end":{"line":34,"column":3}},"line":31},"2":{"name":"(anonymous_2)","decl":{"start":{"line":36,"column":2},"end":{"line":36,"column":3}},"loc":{"start":{"line":36,"column":18},"end":{"line":96,"column":3}},"line":36},"3":{"name":"(anonymous_3)","decl":{"start":{"line":94,"column":36},"end":{"line":94,"column":37}},"loc":{"start":{"line":94,"column":53},"end":{"line":94,"column":77}},"line":94}},"branchMap":{"0":{"loc":{"start":{"line":33,"column":11},"end":{"line":33,"column":41}},"type":"cond-expr","locations":[{"start":{"line":33,"column":19},"end":{"line":33,"column":36}},{"start":{"line":33,"column":39},"end":{"line":33,"column":41}}],"line":33},"1":{"loc":{"start":{"line":38,"column":4},"end":{"line":38,"column":35}},"type":"if","locations":[{"start":{"line":38,"column":4},"end":{"line":38,"column":35}},{"start":{},"end":{}}],"line":38},"2":{"loc":{"start":{"line":41,"column":4},"end":{"line":41,"column":35}},"type":"if","locations":[{"start":{"line":41,"column":4},"end":{"line":41,"column":35}},{"start":{},"end":{}}],"line":41},"3":{"loc":{"start":{"line":47,"column":8},"end":{"line":88,"column":9}},"type":"if","locations":[{"start":{"line":47,"column":8},"end":{"line":88,"column":9}},{"start":{"line":62,"column":15},"end":{"line":88,"column":9}}],"line":47},"4":{"loc":{"start":{"line":48,"column":10},"end":{"line":61,"column":11}},"type":"if","locations":[{"start":{"line":48,"column":10},"end":{"line":61,"column":11}},{"start":{"line":54,"column":17},"end":{"line":61,"column":11}}],"line":48},"5":{"loc":{"start":{"line":62,"column":15},"end":{"line":88,"column":9}},"type":"if","locations":[{"start":{"line":62,"column":15},"end":{"line":88,"column":9}},{"start":{"line":70,"column":15},"end":{"line":88,"column":9}}],"line":62},"6":{"loc":{"start":{"line":64,"column":30},"end":{"line":64,"column":66}},"type":"cond-expr","locations":[{"start":{"line":64,"column":44},"end":{"line":64,"column":52}},{"start":{"line":64,"column":55},"end":{"line":64,"column":66}}],"line":64},"7":{"loc":{"start":{"line":69,"column":10},"end":{"line":69,"column":33}},"type":"if","locations":[{"start":{"line":69,"column":10},"end":{"line":69,"column":33}},{"start":{},"end":{}}],"line":69},"8":{"loc":{"start":{"line":70,"column":15},"end":{"line":88,"column":9}},"type":"if","locations":[{"start":{"line":70,"column":15},"end":{"line":88,"column":9}},{"start":{"line":78,"column":15},"end":{"line":88,"column":9}}],"line":70},"9":{"loc":{"start":{"line":77,"column":10},"end":{"line":77,"column":33}},"type":"if","locations":[{"start":{"line":77,"column":10},"end":{"line":77,"column":33}},{"start":{},"end":{}}],"line":77},"10":{"loc":{"start":{"line":78,"column":15},"end":{"line":88,"column":9}},"type":"if","locations":[{"start":{"line":78,"column":15},"end":{"line":88,"column":9}},{"start":{"line":85,"column":15},"end":{"line":88,"column":9}}],"line":78},"11":{"loc":{"start":{"line":84,"column":10},"end":{"line":84,"column":33}},"type":"if","locations":[{"start":{"line":84,"column":10},"end":{"line":84,"column":33}},{"start":{},"end":{}}],"line":84},"12":{"loc":{"start":{"line":87,"column":10},"end":{"line":87,"column":33}},"type":"if","locations":[{"start":{"line":87,"column":10},"end":{"line":87,"column":33}},{"start":{},"end":{}}],"line":87}},"s":{"0":2,"1":2,"2":1,"3":1,"4":1,"5":1,"6":4,"7":4,"8":3,"9":3,"10":0,"11":3,"12":3,"13":0,"14":3,"15":3,"16":3,"17":3,"18":1,"19":0,"20":1,"21":2,"22":0,"23":0,"24":0,"25":0,"26":0,"27":2,"28":1,"29":1,"30":1,"31":1,"32":0,"33":1,"34":1,"35":1,"36":1,"37":0,"38":0,"39":0,"40":0,"41":0,"42":3,"43":3,"44":3},"f":{"0":1,"1":4,"2":3,"3":3},"b":{"0":[4,0],"1":[0,3],"2":[0,3],"3":[1,2],"4":[0,1],"5":[0,2],"6":[0,0],"7":[0,0],"8":[1,1],"9":[0,1],"10":[1,0],"11":[0,1],"12":[0,0]},"_coverageSchema":"1a1c01bbd47fc00a2c39e90264f33305004495a9","hash":"188d56c6fc948951b90b61f7f8e8032b82e59acc"}
,"C:\\dev\\sitemanager\\ComplianceApp\\src\\services\\workOrderService.ts": {"path":"C:\\dev\\sitemanager\\ComplianceApp\\src\\services\\workOrderService.ts","statementMap":{"0":{"start":{"line":7,"column":32},"end":{"line":152,"column":1}},"1":{"start":{"line":9,"column":49},"end":{"line":13,"column":32}},"2":{"start":{"line":15,"column":46},"end":{"line":19,"column":33}},"3":{"start":{"line":21,"column":4},"end":{"line":21,"column":33}},"4":{"start":{"line":21,"column":18},"end":{"line":21,"column":33}},"5":{"start":{"line":22,"column":4},"end":{"line":22,"column":33}},"6":{"start":{"line":22,"column":18},"end":{"line":22,"column":33}},"7":{"start":{"line":24,"column":4},"end":{"line":32,"column":6}},"8":{"start":{"line":25,"column":39},"end":{"line":25,"column":67}},"9":{"start":{"line":26,"column":36},"end":{"line":31,"column":7}},"10":{"start":{"line":36,"column":23},"end":{"line":36,"column":72}},"11":{"start":{"line":37,"column":25},"end":{"line":37,"column":74}},"12":{"start":{"line":38,"column":26},"end":{"line":38,"column":72}},"13":{"start":{"line":40,"column":4},"end":{"line":42,"column":5}},"14":{"start":{"line":41,"column":6},"end":{"line":41,"column":74}},"15":{"start":{"line":43,"column":4},"end":{"line":45,"column":5}},"16":{"start":{"line":44,"column":6},"end":{"line":44,"column":70}},"17":{"start":{"line":47,"column":18},"end":{"line":47,"column":39}},"18":{"start":{"line":48,"column":19},"end":{"line":48,"column":43}},"19":{"start":{"line":49,"column":21},"end":{"line":49,"column":41}},"20":{"start":{"line":51,"column":21},"end":{"line":51,"column":25}},"21":{"start":{"line":52,"column":4},"end":{"line":62,"column":5}},"22":{"start":{"line":53,"column":16},"end":{"line":53,"column":46}},"23":{"start":{"line":54,"column":6},"end":{"line":61,"column":7}},"24":{"start":{"line":55,"column":8},"end":{"line":55,"column":51}},"25":{"start":{"line":57,"column":27},"end":{"line":57,"column":75}},"26":{"start":{"line":58,"column":8},"end":{"line":60,"column":9}},"27":{"start":{"line":59,"column":10},"end":{"line":59,"column":65}},"28":{"start":{"line":64,"column":26},"end":{"line":71,"column":5}},"29":{"start":{"line":73,"column":4},"end":{"line":81,"column":5}},"30":{"start":{"line":74,"column":6},"end":{"line":79,"column":9}},"31":{"start":{"line":80,"column":6},"end":{"line":80,"column":46}},"32":{"start":{"line":83,"column":20},"end":{"line":83,"column":64}},"33":{"start":{"line":85,"column":4},"end":{"line":99,"column":5}},"34":{"start":{"line":86,"column":6},"end":{"line":98,"column":7}},"35":{"start":{"line":87,"column":24},"end":{"line":89,"column":17}},"36":{"start":{"line":90,"column":25},"end":{"line":90,"column":66}},"37":{"start":{"line":91,"column":8},"end":{"line":95,"column":10}},"38":{"start":{"line":97,"column":8},"end":{"line":97,"column":71}},"39":{"start":{"line":101,"column":4},"end":{"line":148,"column":5}},"40":{"start":{"line":102,"column":36},"end":{"line":112,"column":26}},"41":{"start":{"line":114,"column":6},"end":{"line":114,"column":39}},"42":{"start":{"line":114,"column":22},"end":{"line":114,"column":39}},"43":{"start":{"line":116,"column":34},"end":{"line":131,"column":10}},"44":{"start":{"line":133,"column":6},"end":{"line":133,"column":70}},"45":{"start":{"line":133,"column":20},"end":{"line":133,"column":70}},"46":{"start":{"line":135,"column":38},"end":{"line":145,"column":26}},"47":{"start":{"line":147,"column":6},"end":{"line":147,"column":43}},"48":{"start":{"line":147,"column":24},"end":{"line":147,"column":43}},"49":{"start":{"line":150,"column":4},"end":{"line":150,"column":45}}},"fnMap":{"0":{"name":"(anonymous_0)","decl":{"start":{"line":8,"column":2},"end":{"line":8,"column":3}},"loc":{"start":{"line":8,"column":41},"end":{"line":33,"column":3}},"line":8},"1":{"name":"(anonymous_1)","decl":{"start":{"line":25,"column":31},"end":{"line":25,"column":32}},"loc":{"start":{"line":25,"column":39},"end":{"line":25,"column":67}},"line":25},"2":{"name":"(anonymous_2)","decl":{"start":{"line":26,"column":28},"end":{"line":26,"column":29}},"loc":{"start":{"line":26,"column":36},"end":{"line":31,"column":7}},"line":26},"3":{"name":"(anonymous_3)","decl":{"start":{"line":35,"column":2},"end":{"line":35,"column":3}},"loc":{"start":{"line":35,"column":62},"end":{"line":151,"column":3}},"line":35}},"branchMap":{"0":{"loc":{"start":{"line":21,"column":4},"end":{"line":21,"column":33}},"type":"if","locations":[{"start":{"line":21,"column":4},"end":{"line":21,"column":33}},{"start":{},"end":{}}],"line":21},"1":{"loc":{"start":{"line":22,"column":4},"end":{"line":22,"column":33}},"type":"if","locations":[{"start":{"line":22,"column":4},"end":{"line":22,"column":33}},{"start":{},"end":{}}],"line":22},"2":{"loc":{"start":{"line":25,"column":10},"end":{"line":25,"column":25}},"type":"binary-expr","locations":[{"start":{"line":25,"column":10},"end":{"line":25,"column":19}},{"start":{"line":25,"column":23},"end":{"line":25,"column":25}}],"line":25},"3":{"loc":{"start":{"line":26,"column":10},"end":{"line":26,"column":22}},"type":"binary-expr","locations":[{"start":{"line":26,"column":10},"end":{"line":26,"column":16}},{"start":{"line":26,"column":20},"end":{"line":26,"column":22}}],"line":26},"4":{"loc":{"start":{"line":30,"column":18},"end":{"line":30,"column":47}},"type":"binary-expr","locations":[{"start":{"line":30,"column":18},"end":{"line":30,"column":28}},{"start":{"line":30,"column":32},"end":{"line":30,"column":47}}],"line":30},"5":{"loc":{"start":{"line":40,"column":4},"end":{"line":42,"column":5}},"type":"if","locations":[{"start":{"line":40,"column":4},"end":{"line":42,"column":5}},{"start":{},"end":{}}],"line":40},"6":{"loc":{"start":{"line":43,"column":4},"end":{"line":45,"column":5}},"type":"if","locations":[{"start":{"line":43,"column":4},"end":{"line":45,"column":5}},{"start":{},"end":{}}],"line":43},"7":{"loc":{"start":{"line":52,"column":4},"end":{"line":62,"column":5}},"type":"if","locations":[{"start":{"line":52,"column":4},"end":{"line":62,"column":5}},{"start":{},"end":{}}],"line":52},"8":{"loc":{"start":{"line":54,"column":6},"end":{"line":61,"column":7}},"type":"if","locations":[{"start":{"line":54,"column":6},"end":{"line":61,"column":7}},{"start":{},"end":{}}],"line":54},"9":{"loc":{"start":{"line":58,"column":8},"end":{"line":60,"column":9}},"type":"if","locations":[{"start":{"line":58,"column":8},"end":{"line":60,"column":9}},{"start":{},"end":{}}],"line":58},"10":{"loc":{"start":{"line":73,"column":4},"end":{"line":81,"column":5}},"type":"if","locations":[{"start":{"line":73,"column":4},"end":{"line":81,"column":5}},{"start":{},"end":{}}],"line":73},"11":{"loc":{"start":{"line":83,"column":20},"end":{"line":83,"column":64}},"type":"binary-expr","locations":[{"start":{"line":83,"column":20},"end":{"line":83,"column":37}},{"start":{"line":83,"column":41},"end":{"line":83,"column":64}}],"line":83},"12":{"loc":{"start":{"line":85,"column":4},"end":{"line":99,"column":5}},"type":"if","locations":[{"start":{"line":85,"column":4},"end":{"line":99,"column":5}},{"start":{},"end":{}}],"line":85},"13":{"loc":{"start":{"line":87,"column":24},"end":{"line":89,"column":17}},"type":"cond-expr","locations":[{"start":{"line":88,"column":12},"end":{"line":88,"column":17}},{"start":{"line":89,"column":12},"end":{"line":89,"column":17}}],"line":87},"14":{"loc":{"start":{"line":101,"column":4},"end":{"line":148,"column":5}},"type":"if","locations":[{"start":{"line":101,"column":4},"end":{"line":148,"column":5}},{"start":{"line":134,"column":11},"end":{"line":148,"column":5}}],"line":101},"15":{"loc":{"start":{"line":114,"column":6},"end":{"line":114,"column":39}},"type":"if","locations":[{"start":{"line":114,"column":6},"end":{"line":114,"column":39}},{"start":{},"end":{}}],"line":114},"16":{"loc":{"start":{"line":122,"column":26},"end":{"line":122,"column":62}},"type":"binary-expr","locations":[{"start":{"line":122,"column":26},"end":{"line":122,"column":35}},{"start":{"line":122,"column":39},"end":{"line":122,"column":62}}],"line":122},"17":{"loc":{"start":{"line":124,"column":27},"end":{"line":124,"column":49}},"type":"binary-expr","locations":[{"start":{"line":124,"column":27},"end":{"line":124,"column":37}},{"start":{"line":124,"column":41},"end":{"line":124,"column":49}}],"line":124},"18":{"loc":{"start":{"line":133,"column":6},"end":{"line":133,"column":70}},"type":"if","locations":[{"start":{"line":133,"column":6},"end":{"line":133,"column":70}},{"start":{},"end":{}}],"line":133},"19":{"loc":{"start":{"line":147,"column":6},"end":{"line":147,"column":43}},"type":"if","locations":[{"start":{"line":147,"column":6},"end":{"line":147,"column":43}},{"start":{},"end":{}}],"line":147}},"s":{"0":1,"1":0,"2":0,"3":0,"4":0,"5":0,"6":0,"7":0,"8":0,"9":0,"10":3,"11":3,"12":3,"13":3,"14":1,"15":2,"16":0,"17":2,"18":2,"19":2,"20":2,"21":2,"22":2,"23":2,"24":2,"25":2,"26":2,"27":0,"28":2,"29":2,"30":1,"31":1,"32":1,"33":1,"34":1,"35":1,"36":1,"37":1,"38":0,"39":1,"40":1,"41":1,"42":0,"43":1,"44":1,"45":0,"46":0,"47":0,"48":0,"49":1},"f":{"0":0,"1":0,"2":0,"3":3},"b":{"0":[0,0],"1":[0,0],"2":[0,0],"3":[0,0],"4":[0,0],"5":[1,2],"6":[0,2],"7":[2,0],"8":[2,0],"9":[0,2],"10":[1,1],"11":[1,1],"12":[1,0],"13":[0,1],"14":[1,0],"15":[0,1],"16":[1,1],"17":[1,0],"18":[0,1],"19":[0,0]},"_coverageSchema":"1a1c01bbd47fc00a2c39e90264f33305004495a9","hash":"701e7c676c7d298badd40f0fe163da45c626e217"}
}
