TN:
SF:src\services\accidentService.ts
FN:20,(anonymous_0)
FN:63,(anonymous_1)
FNF:2
FNH:2
FNDA:4,(anonymous_0)
FNDA:1,(anonymous_1)
DA:19,1
DA:21,4
DA:22,4
DA:23,4
DA:25,4
DA:30,4
DA:31,1
DA:34,3
DA:42,3
DA:44,3
DA:45,1
DA:46,1
DA:53,2
DA:55,2
DA:56,1
DA:57,1
DA:60,1
DA:64,1
DA:74,1
DA:75,0
DA:76,0
DA:78,1
LF:22
LH:20
BRDA:30,0,0,1
BRDA:30,0,1,3
BRDA:39,1,0,3
BRDA:39,1,1,0
BRDA:44,2,0,1
BRDA:44,2,1,2
BRDA:55,3,0,1
BRDA:55,3,1,1
BRDA:74,4,0,0
BRDA:74,4,1,1
BRF:10
BRH:8
end_of_record
TN:
SF:src\services\assetService.ts
FN:18,(anonymous_0)
FN:64,(anonymous_1)
FN:106,(anonymous_2)
FN:121,(anonymous_3)
FNF:4
FNH:3
FNDA:1,(anonymous_0)
FNDA:1,(anonymous_1)
FNDA:2,(anonymous_2)
FNDA:0,(anonymous_3)
DA:17,1
DA:19,1
DA:20,1
DA:21,1
DA:22,1
DA:24,1
DA:25,1
DA:27,1
DA:28,0
DA:31,1
DA:41,1
DA:43,1
DA:44,0
DA:45,0
DA:52,1
DA:58,1
DA:59,0
DA:61,1
DA:65,1
DA:66,1
DA:67,1
DA:68,1
DA:69,0
DA:71,1
DA:72,0
DA:73,0
DA:78,0
DA:79,0
DA:83,1
DA:84,1
DA:85,0
DA:86,0
DA:93,1
DA:100,1
DA:101,0
DA:103,1
DA:107,2
DA:108,2
DA:109,1
DA:110,1
DA:113,1
DA:115,1
DA:116,0
DA:118,1
DA:122,0
DA:123,0
DA:125,0
DA:134,0
DA:135,0
DA:136,0
DA:137,0
DA:140,0
DA:142,0
DA:143,0
DA:144,0
DA:146,0
LF:56
LH:31
BRDA:27,0,0,0
BRDA:27,0,1,1
BRDA:43,1,0,0
BRDA:43,1,1,1
BRDA:58,2,0,0
BRDA:58,2,1,1
BRDA:66,3,0,1
BRDA:66,3,1,0
BRDA:68,4,0,0
BRDA:68,4,1,1
BRDA:71,5,0,0
BRDA:71,5,1,1
BRDA:72,6,0,0
BRDA:72,6,1,0
BRDA:78,7,0,0
BRDA:78,7,1,0
BRDA:84,8,0,0
BRDA:84,8,1,1
BRDA:100,9,0,0
BRDA:100,9,1,1
BRDA:108,10,0,1
BRDA:108,10,1,1
BRDA:115,11,0,0
BRDA:115,11,1,1
BRDA:135,12,0,0
BRDA:135,12,1,0
BRDA:142,13,0,0
BRDA:142,13,1,0
BRF:28
BRH:11
end_of_record
TN:
SF:src\services\auditService.ts
FN:9,(anonymous_0)
FN:36,(anonymous_1)
FN:40,(anonymous_2)
FN:54,(anonymous_3)
FN:61,(anonymous_4)
FN:79,(anonymous_5)
FNF:6
FNH:6
FNDA:1,(anonymous_0)
FNDA:1,(anonymous_1)
FNDA:3,(anonymous_2)
FNDA:1,(anonymous_3)
FNDA:1,(anonymous_4)
FNDA:1,(anonymous_5)
DA:8,1
DA:10,1
DA:15,1
DA:20,1
DA:25,1
DA:26,1
DA:27,1
DA:29,1
DA:37,1
DA:38,1
DA:40,1
DA:41,3
DA:42,3
DA:43,3
DA:44,3
DA:48,1
DA:55,1
DA:56,1
DA:57,0
DA:58,0
DA:61,1
DA:62,1
DA:63,1
DA:64,1
DA:67,1
DA:80,1
DA:81,1
DA:82,1
DA:83,1
DA:96,1
DA:97,1
DA:98,1
DA:100,0
LF:33
LH:30
BRDA:25,0,0,0
BRDA:25,0,1,1
BRDA:26,1,0,0
BRDA:26,1,1,1
BRDA:27,2,0,0
BRDA:27,2,1,1
BRDA:30,3,0,1
BRDA:30,3,1,1
BRDA:31,4,0,1
BRDA:31,4,1,1
BRDA:32,5,0,1
BRDA:32,5,1,1
BRDA:41,6,0,3
BRDA:41,6,1,0
BRDA:42,7,0,3
BRDA:42,7,1,0
BRDA:44,8,0,3
BRDA:44,8,1,2
BRDA:56,9,0,0
BRDA:56,9,1,1
BRDA:56,10,0,1
BRDA:56,10,1,1
BRDA:62,11,0,0
BRDA:62,11,1,1
BRDA:64,12,0,0
BRDA:64,12,1,1
BRDA:80,13,0,1
BRDA:80,13,1,1
BRDA:80,13,2,1
BRDA:80,13,3,0
BRDA:81,14,0,1
BRDA:81,14,1,1
BRDA:81,14,2,1
BRDA:82,15,0,0
BRDA:82,15,1,1
BRDA:82,16,0,1
BRDA:82,16,1,1
BRDA:82,16,2,1
BRDA:88,17,0,1
BRDA:88,17,1,0
BRF:40
BRH:29
end_of_record
TN:
SF:src\services\authService.ts
FN:15,(anonymous_0)
FN:50,(anonymous_1)
FN:55,(anonymous_2)
FNF:3
FNH:3
FNDA:3,(anonymous_0)
FNDA:1,(anonymous_1)
FNDA:2,(anonymous_2)
DA:14,1
DA:16,3
DA:18,3
DA:19,0
DA:22,3
DA:23,1
DA:27,2
DA:32,2
DA:33,2
DA:34,0
DA:36,2
DA:38,2
DA:39,1
DA:44,1
DA:51,1
DA:52,1
DA:56,2
DA:62,2
DA:63,2
DA:67,1
DA:68,1
DA:70,1
LF:22
LH:20
BRDA:18,0,0,0
BRDA:18,0,1,3
BRDA:22,1,0,1
BRDA:22,1,1,2
BRDA:22,2,0,3
BRDA:22,2,1,3
BRDA:32,3,0,0
BRDA:32,3,1,2
BRDA:33,4,0,0
BRDA:33,4,1,2
BRDA:38,5,0,1
BRDA:38,5,1,1
BRDA:46,6,0,1
BRDA:46,6,1,0
BRDA:52,7,0,0
BRDA:52,7,1,1
BRDA:62,8,0,0
BRDA:62,8,1,2
BRDA:63,9,0,1
BRDA:63,9,1,1
BRDA:68,10,0,1
BRDA:68,10,1,0
BRDA:72,11,0,1
BRDA:72,11,1,0
BRDA:73,12,0,1
BRDA:73,12,1,0
BRF:26
BRH:17
end_of_record
TN:
SF:src\services\buildingService.ts
FN:15,(anonymous_0)
FN:23,(anonymous_1)
FNF:2
FNH:2
FNDA:2,(anonymous_0)
FNDA:1,(anonymous_1)
DA:14,1
DA:16,2
DA:21,2
DA:23,1
LF:4
LH:4
BRDA:21,0,0,1
BRDA:21,0,1,1
BRF:2
BRH:2
end_of_record
TN:
SF:src\services\contractorService.ts
FN:19,(anonymous_0)
FN:30,(anonymous_1)
FN:60,(anonymous_2)
FN:87,(anonymous_3)
FN:97,(anonymous_4)
FN:122,(anonymous_5)
FN:133,(anonymous_6)
FNF:7
FNH:6
FNDA:1,(anonymous_0)
FNDA:1,(anonymous_1)
FNDA:1,(anonymous_2)
FNDA:1,(anonymous_3)
FNDA:0,(anonymous_4)
FNDA:1,(anonymous_5)
FNDA:2,(anonymous_6)
DA:18,1
DA:20,1
DA:26,1
DA:27,1
DA:31,1
DA:33,1
DA:34,0
DA:40,1
DA:41,1
DA:42,0
DA:46,0
DA:49,1
DA:54,1
DA:55,0
DA:57,1
DA:61,1
DA:63,1
DA:65,1
DA:71,1
DA:72,1
DA:73,1
DA:74,1
DA:77,0
DA:81,0
DA:82,0
DA:83,0
DA:85,0
DA:88,1
DA:93,1
DA:94,1
DA:98,0
DA:100,0
DA:101,0
DA:102,0
DA:106,0
DA:109,0
DA:116,0
DA:117,0
DA:119,0
DA:123,1
DA:129,1
DA:130,1
DA:134,2
DA:135,2
DA:137,2
DA:138,2
DA:139,0
DA:140,0
DA:143,2
DA:149,2
DA:150,0
DA:152,2
LF:52
LH:31
BRDA:26,0,0,0
BRDA:26,0,1,1
BRDA:33,1,0,0
BRDA:33,1,1,1
BRDA:41,2,0,0
BRDA:41,2,1,1
BRDA:54,3,0,0
BRDA:54,3,1,1
BRDA:72,4,0,1
BRDA:72,4,1,0
BRDA:81,5,0,0
BRDA:81,5,1,0
BRDA:93,6,0,0
BRDA:93,6,1,1
BRDA:101,7,0,0
BRDA:101,7,1,0
BRDA:116,8,0,0
BRDA:116,8,1,0
BRDA:129,9,0,0
BRDA:129,9,1,1
BRDA:134,10,0,1
BRDA:134,10,1,1
BRDA:138,11,0,0
BRDA:138,11,1,2
BRDA:149,12,0,0
BRDA:149,12,1,2
BRF:26
BRH:11
end_of_record
TN:
SF:src\services\fileService.ts
FN:9,(anonymous_0)
FN:15,(anonymous_1)
FN:52,(anonymous_2)
FN:69,(anonymous_3)
FNF:4
FNH:3
FNDA:4,(anonymous_0)
FNDA:4,(anonymous_1)
FNDA:3,(anonymous_2)
FNDA:0,(anonymous_3)
DA:8,2
DA:10,4
DA:11,4
DA:12,4
DA:16,4
DA:17,4
DA:19,4
DA:20,4
DA:22,4
DA:23,1
DA:29,1
DA:32,3
DA:33,3
DA:37,3
DA:44,3
DA:45,3
DA:47,0
DA:48,0
DA:58,3
DA:60,3
DA:61,3
DA:62,1
DA:65,2
DA:66,2
DA:75,0
DA:76,0
DA:77,0
DA:78,0
DA:80,0
DA:81,0
DA:87,0
DA:90,0
DA:91,0
DA:95,0
DA:102,0
DA:103,0
DA:105,0
DA:106,0
LF:38
LH:22
BRDA:11,0,0,0
BRDA:11,0,1,4
BRDA:22,1,0,1
BRDA:22,1,1,3
BRDA:44,2,0,0
BRDA:44,2,1,3
BRDA:55,3,0,3
BRDA:58,4,0,3
BRDA:58,4,1,0
BRDA:61,5,0,1
BRDA:61,5,1,2
BRDA:73,6,0,0
BRDA:80,7,0,0
BRDA:80,7,1,0
BRDA:80,8,0,0
BRDA:80,8,1,0
BRDA:102,9,0,0
BRDA:102,9,1,0
BRF:18
BRH:8
end_of_record
TN:
SF:src\services\incidentService.ts
FN:24,(anonymous_0)
FN:34,(anonymous_1)
FN:100,(anonymous_2)
FNF:3
FNH:1
FNDA:0,(anonymous_0)
FNDA:2,(anonymous_1)
FNDA:0,(anonymous_2)
DA:23,1
DA:25,0
DA:30,0
DA:31,0
DA:41,2
DA:42,2
DA:44,2
DA:49,2
DA:50,0
DA:53,2
DA:62,2
DA:64,2
DA:65,1
DA:69,1
DA:76,1
DA:77,1
DA:78,1
DA:79,1
DA:84,0
DA:88,1
DA:94,1
DA:95,0
DA:98,1
DA:101,0
DA:113,0
DA:114,0
LF:26
LH:17
BRDA:30,0,0,0
BRDA:30,0,1,0
BRDA:31,1,0,0
BRDA:31,1,1,0
BRDA:39,2,0,2
BRDA:49,3,0,0
BRDA:49,3,1,2
BRDA:57,4,0,0
BRDA:57,4,1,2
BRDA:64,5,0,1
BRDA:64,5,1,1
BRDA:77,6,0,1
BRDA:77,6,1,0
BRDA:80,7,0,1
BRDA:80,7,1,0
BRDA:94,8,0,0
BRDA:94,8,1,1
BRDA:113,9,0,0
BRDA:113,9,1,0
BRDA:116,10,0,0
BRDA:116,10,1,0
BRF:21
BRH:8
end_of_record
TN:
SF:src\services\notificationService.ts
FN:9,(anonymous_0)
FN:30,(anonymous_1)
FN:62,(anonymous_2)
FN:72,(anonymous_3)
FN:81,(anonymous_4)
FN:90,(anonymous_5)
FN:108,(anonymous_6)
FNF:7
FNH:6
FNDA:1,(anonymous_0)
FNDA:1,(anonymous_1)
FNDA:1,(anonymous_2)
FNDA:0,(anonymous_3)
FNDA:1,(anonymous_4)
FNDA:1,(anonymous_5)
FNDA:2,(anonymous_6)
DA:8,1
DA:10,1
DA:11,1
DA:12,1
DA:14,1
DA:19,1
DA:20,1
DA:26,0
DA:31,1
DA:34,1
DA:35,1
DA:37,1
DA:38,0
DA:39,0
DA:42,1
DA:44,1
DA:45,1
DA:47,1
DA:52,1
DA:53,0
DA:59,1
DA:63,1
DA:64,1
DA:69,1
DA:73,0
DA:74,0
DA:78,0
DA:82,1
DA:83,1
DA:87,1
DA:96,1
DA:97,1
DA:98,1
DA:99,1
DA:101,1
DA:106,1
DA:108,2
DA:117,1
DA:120,1
DA:122,0
LF:40
LH:32
BRDA:12,0,0,0
BRDA:12,0,1,1
BRDA:19,1,0,1
BRDA:19,1,1,0
BRDA:19,2,0,1
BRDA:19,2,1,1
BRDA:31,3,0,0
BRDA:31,3,1,1
BRDA:37,4,0,0
BRDA:37,4,1,1
BRDA:42,5,0,0
BRDA:42,5,1,1
BRDA:52,6,0,0
BRDA:52,6,1,1
BRDA:78,7,0,0
BRDA:78,7,1,0
BRDA:87,8,0,0
BRDA:87,8,1,1
BRDA:99,9,0,1
BRDA:99,9,1,0
BRDA:106,10,0,0
BRDA:106,10,1,1
BRDA:106,11,0,1
BRDA:106,11,1,1
BRDA:120,12,0,0
BRDA:120,12,1,1
BRF:26
BRH:14
end_of_record
TN:
SF:src\services\privacyService.ts
FN:6,(anonymous_0)
FNF:1
FNH:1
FNDA:2,(anonymous_0)
DA:5,1
DA:7,2
DA:8,2
DA:10,2
DA:16,1
DA:21,1
DA:27,1
DA:28,1
DA:33,1
LF:9
LH:9
BRDA:24,0,0,1
BRDA:24,0,1,0
BRF:2
BRH:1
end_of_record
TN:
SF:src\services\syncService.ts
FN:17,(anonymous_0)
FN:31,(anonymous_1)
FN:36,(anonymous_2)
FN:94,(anonymous_3)
FNF:4
FNH:4
FNDA:1,(anonymous_0)
FNDA:4,(anonymous_1)
FNDA:3,(anonymous_2)
FNDA:3,(anonymous_3)
DA:7,2
DA:16,2
DA:18,1
DA:19,1
DA:21,1
DA:28,1
DA:32,4
DA:33,4
DA:37,3
DA:38,3
DA:40,3
DA:41,3
DA:43,3
DA:45,3
DA:46,3
DA:47,3
DA:48,1
DA:49,0
DA:55,1
DA:62,2
DA:63,0
DA:64,0
DA:65,0
DA:69,0
DA:70,2
DA:71,1
DA:72,1
DA:73,1
DA:77,1
DA:78,1
DA:79,1
DA:80,1
DA:84,1
DA:86,0
DA:87,0
DA:90,0
DA:94,3
DA:95,3
LF:38
LH:30
BRDA:33,0,0,4
BRDA:33,0,1,0
BRDA:38,1,0,0
BRDA:38,1,1,3
BRDA:41,2,0,0
BRDA:41,2,1,3
BRDA:47,3,0,1
BRDA:47,3,1,2
BRDA:48,4,0,0
BRDA:48,4,1,1
BRDA:62,5,0,0
BRDA:62,5,1,2
BRDA:64,6,0,0
BRDA:64,6,1,0
BRDA:69,7,0,0
BRDA:69,7,1,0
BRDA:70,8,0,1
BRDA:70,8,1,1
BRDA:77,9,0,0
BRDA:77,9,1,1
BRDA:78,10,0,1
BRDA:78,10,1,0
BRDA:84,11,0,0
BRDA:84,11,1,1
BRDA:87,12,0,0
BRDA:87,12,1,0
BRF:26
BRH:12
end_of_record
TN:
SF:src\services\workOrderService.ts
FN:8,(anonymous_0)
FN:25,(anonymous_1)
FN:26,(anonymous_2)
FN:35,(anonymous_3)
FNF:4
FNH:1
FNDA:0,(anonymous_0)
FNDA:0,(anonymous_1)
FNDA:0,(anonymous_2)
FNDA:3,(anonymous_3)
DA:7,1
DA:9,0
DA:15,0
DA:21,0
DA:22,0
DA:24,0
DA:25,0
DA:26,0
DA:36,3
DA:37,3
DA:38,3
DA:40,3
DA:41,1
DA:43,2
DA:44,0
DA:47,2
DA:48,2
DA:49,2
DA:51,2
DA:52,2
DA:53,2
DA:54,2
DA:55,2
DA:57,2
DA:58,2
DA:59,0
DA:64,2
DA:73,2
DA:74,1
DA:80,1
DA:83,1
DA:85,1
DA:86,1
DA:87,1
DA:90,1
DA:91,1
DA:97,0
DA:101,1
DA:102,1
DA:114,1
DA:116,1
DA:133,1
DA:135,0
DA:147,0
DA:150,1
LF:45
LH:33
BRDA:21,0,0,0
BRDA:21,0,1,0
BRDA:22,1,0,0
BRDA:22,1,1,0
BRDA:25,2,0,0
BRDA:25,2,1,0
BRDA:26,3,0,0
BRDA:26,3,1,0
BRDA:30,4,0,0
BRDA:30,4,1,0
BRDA:40,5,0,1
BRDA:40,5,1,2
BRDA:43,6,0,0
BRDA:43,6,1,2
BRDA:52,7,0,2
BRDA:52,7,1,0
BRDA:54,8,0,2
BRDA:54,8,1,0
BRDA:58,9,0,0
BRDA:58,9,1,2
BRDA:73,10,0,1
BRDA:73,10,1,1
BRDA:83,11,0,1
BRDA:83,11,1,1
BRDA:85,12,0,1
BRDA:85,12,1,0
BRDA:87,13,0,0
BRDA:87,13,1,1
BRDA:101,14,0,1
BRDA:101,14,1,0
BRDA:114,15,0,0
BRDA:114,15,1,1
BRDA:122,16,0,1
BRDA:122,16,1,1
BRDA:124,17,0,1
BRDA:124,17,1,0
BRDA:133,18,0,0
BRDA:133,18,1,1
BRDA:147,19,0,0
BRDA:147,19,1,0
BRF:40
BRH:18
end_of_record
